[   .00000 Iitializg groususys ust
[  .0000]Iniaizi croupubys c
   .00000] Initializing cgroup subsys cpuacct
[  00000] inuvesion 4.4.0-140-generic (buildd@lcy01-amd64-006) (gcc version 5.4.0 20160609 (Ubuntu 5.4.0-6ubuntu1~16.04.10) ) #166-Ubuntu SMP Wed Nov 14 20:09:47 UTC 2018 (Ubuntu 4.4.0-140.166-generic 4.4.162)
[  00000] omma lne: OTMAGE=/boot/vmlinuz-4.4.0-140-generic root=LABEL=cloudimg-rootfs ro console=tty1 console=ttyS0
[    0.000000] KERNEL supported cpus:
[    0.000000]   Intel GenuineIntel
[    0.000000]   AMD AuthenticAMD
[    0.000000]   Centaur CentaurHauls
[    0.000000] x86/fpu: xstate_offset[2]:  57 xste_izes[2]:  256
[  000000]86/f: uppoin XSE eatu 001: 87floangpoint registers'
[  0000000]x86/u:Supptig XSAVE feature 0x02: 'SSE registers'
[  00000] x86/u:Supptig XSE eatu 004: VXregisters'[    00000]86fpu:naled xstefeates0x7,onext zeis 83byes,si 'standard' format.
[  00000] 820:IO-prode phyca RAM p:
[  .0000]BIOS-e820: [mem 0x0000000000000000-0x000000000009fbff] usable
[  000000 BOS-e0:[memx00000000009000x000000000009ffff] reserved
[  00000] IOS-82 [me0x0000000f00-000000000fff] eserved
[  0.000] BIOS-e820: [mem 0x0000000000100000-0x000000003ffeffff] usable
[  00000] IOS-20 [mem 0x000000003fff0000-0x000000003fffffff] ACPI data
[   .00000]IO-e82 [em 0x00000fe000-0x00000fe00f] reserved
[    0.000000] BIOS-e820: [mem 0x00000000fee00000-0x00000000fee00fff] reserved
[    0.000] BI-e20: [mem 0x00000000fffc0000-0x00000000ffffffff] reserved
[  0.00000] NXExcuteisble)roection: aive[   0.000] SIOS2.5 present.
[  000000]yperso dette: KVM
[  00000] 820: last_pfn = 0x3fff0 max_arch_pfn = 0x400000000
[  00000] TRR:isbled[    00000] 6/AT: MTRRs disabled, skipping PAT initialization too.
[  00000]CPU MTRRs all blank - virtualized system.
[   0.000000] x86/PAT: Configuration [0-7]: WB  WT  UC- UC  WB  WT  UC- UC  
[   00000] found SMP -tble a[mm 000fff0-0x0009ffff] mapped at [ffff88000009fff0]
[  000000 Sannin1 reasorlow mor corptin
[  .0000 RAMDISK: [mem 0x36306000-0x3717afff]
[  0.0000 API: ar tab cecks vrifiaton disabled
[    0.000000] ACPI: RSDP 0x00000000000E0000 000024 (v02 VBOX  )
[   .00000ACI: XT x000003FF03 00003C (v01 VBOX   VBOXXSDT 00000001 ASL  00000061)
[  00000 ACPI: FACP 0x000000003FFF00 000F(v4 VB  VBOXCP000001ASL 000061)
[  00000] CPI:SD 0x000003F040 00FF(v02BO   VXBOS 000002 INTL 2000528
[   0.000000] ACPI: FACS 0x000000003FFF0200 000040
[    0.000000] ACPI: FACS 0x000000003FFF0200 000040
[    0.000000] ACPI: APIC 0x000000003FFF0240 00005C (v02 VBOX   VBOXAPIC 00000001 ASL  00000061)
[    0.000000] ACPI: SSDT 0x000000003FFF02A0 0001CC (v01 VBOX   VBOXCPUT 00000002 INTL 20100528)
[    0.000000] No NUMA configuration found
[    0.000000] Faking a node at [mem 0x0000000000000000-0x000000003ffeffff]
[    0.000000] NODE_DATA(0) allocated [mem 0x3ffe000x3ffff]
[  00000] vm-cck Usg srs 56d01 and 4b564d00
[  00000] vm-cck cpu, sr 0:3ffe3001, primary cpu clock
[  00000] km-clockusinsced offset of 4840470573 cycles[    0.000000] clocksource: kvm-clock: mask: 0xffffffffffffffff max_cycles: 0x1cd42e4dffb, max_idle_ns: 881590591483 ns
[  00000] one ranges:
[    0.000000]   DMA      [mem 0x0000000000001000-0x0000000000ffffff
[   0.000] DM32   [m 0x0000001000-0x000003efff][   00000] Nrmal epty
[  000000]   Devi   ety
[  00000 Mvablzoe stt or each node
[  00000] arl mory derans
[    0.000]  nod  : [m 00000000000001000-0x00000000ff]
[  .0000   nde  0:me 0x0000000000-0x000003feff]
  0.0000 Initm etupod 0 em0x0000000001000-0x000000003ffeffff]
[   0.000000] ACPI: PM-Timer IO Port: 0x4008
[    0.000000] IOAPIC[0]: apic_id 2, version 32, address 0xfec00000, GSI 0-23
[    0.000000] ACPI: INT_SRC_OVR (bus 0 bus_irq 0 global_irq 2 dfl dfl)
[    0.000000] ACPI: INT_SRC_OVR (bus 0 bus_irq 9 global_irq 9 low level)
[    0.000000] Using ACPI (MADT) for SMP configuration information
[    0.000000] smpboot: Allowing 2 CPUs, 0 hotplug CPUs
[    0.000000] PM: Registered nosave memory: [mem 0x00000000-0x00000fff]
[    0.000000] PM: Registered nosavememo: mem 0x09000-009fff
    0.000000] PM: Registered nosave memory: [mem 0x000a0000-0x000effff]
[  000000 PM: Riseredosve moy: [m x000f0000-0x000fffff]
[  000000]820: [mem 0x40000000-0xfebfffff] available for PCI devices
[  00000] Booting paravirtualized kernel on KV
[  00000] locksource: fied-jiffies: mask: 0xffffffff max_cycles: 0xffffffff, max_idle_ns: 7645519600211568 ns
[    0.000000] setup_percpu:R_CPUS:512 nr_cpumask_bits:512 nr_cpu_ids:2 nr_node_ids:1
[    0.00000] PERCPU: Embedded 34 pages/cpu @ffff88003fc00000 s99608 r8192 d31464 u1048576
[    0.000000] PV qspinlock hash table entries: 256 (order: 0, 4096 bytes)
[    0.000000] Built 1 zonelists in Node order, mobility grouping on.  Total pages: 257912
[    0.000000] Policy zone: DMA32
[    0.000000] Kernel command line: BOOT_IMAGE=/boot/vmlinuz-4.4.0-140-generic root=LABEL=cloudimg-rootfs ro console=tty1 console=ttyS0
[  00000] ID ha table eris: 46 order3,32768 bytes)
[    0.000000] Memory: 997700K/1048120K available (8564K kernelode, 1314K rwdata, 4008K rodata, 1528K init, 1316K bss, 50420K reserved, 0K cma-reserved)
[    0.000000] SLUB: HWalign=64, Order=0-3, MinObjects=0, CPUs=2, Nodes=1
[    0.000000] Kernel/User page tables isolation: enabled
[    0.000000] Hierarchical RCU implementation.
[    0.000000] 	Build-time adjustment of leaf fanout to 64.
[   0.000000	RU rericing CPUs from NR_CPUS=512 to nr_cpu_ids=2.
[    0.000000] RCU: Adjusting geometry for rcu_fanout_leaf=64, nr_cpu_ids=2
[    0.000000] NR_IRQS:33024 nr_irqs:440 16
[    0.000000] Console: colour VGA+ 80x25
[    0.000000] console [tty1] enabled
[    0.000000] console [ttyS0] enabled
[    0.000000] tsc: Detected 1799.999 MHz processor
[   14.321137] Calibring delay loop (skipped) preset value.. 3599.99 BogoMIPS (lpj=7199996)
[   14.352065] pid_max: default: 32768 minimum: 301
[   14.353151] ACPI: Core revision 20150930
[   14.355866] ACPI: 2 ACPI AML tables successfully acquired and loaded
[   14.357380] Security Framework initialized
[   14.358355] Yama: becoming mindful.
[   14.359253] AppArmor: AppArmor initialized
[   14.360335] Dentry cache hash table entries: 131072 (order: 8, 1048576 bytes)
[   14.501320] Inode-cache hash table entries: 65536 (order: 7, 524288 bytes)
[   14.609434] Mount-cache hash table entries: 2048 (order: 2, 16384 bytes)
[   14.650057] Mountpoint-cache hash table entries: 2048 (order: 2, 16384 bytes)
[   14.659039] Initializing cgroup subsys io
[   14.768027] Initializing cgroup subsys memory
[   14.844034] Initializing cgroup subsys devices
[   14.884797] Initializing cgroup subsys freezer
[   14.906344] Initializing cgroup subsys net_cls
[   14.961850] Initializing cgroup subsys perf_event
[   14.983434] Initializing cgroup subsys net_prio
[   15.004069] Initializing cgroup subsys hugetlb
[   15.051691] Initializing cgroup subsys pids
[   15.061279] mce: CPU supports 0 MCE banks
[   15.082782] Last level iTLB entries: 4KB 64, 2MB 8, 4MB 8
[   15.129676] Last level dTLB entries: 4KB 64, 2MB 0, 4MB 0, 1GB 4
[   15.210302] Spectre V2 : Mitigation: Full generic retpoline
[   15.272138] Spectre V2 : Spectre v2 mitigation: Speculation control IBPB not-supported IBRS not-supported
[   15.487985] Spectre V2 : Spectre v2 / SpectreRSB mitigation: Filling RSB on context switch
[   15.578352] Speculative Store Bypass: Vulnerable
[   15.616071] Freeing SMP alternatives memory: 32K
[   15.659036] ftrace: allocating 32287 entries in 127 pages
[   15.793579] smpboot: APIC(0) Converting physical 0 to logical package 0
[   15.865348] smpboot: Max logical packages: 1
[   15.907784] x2apic enabled
[   15.914516] Switched APIC routing to physical x2apic.
[   16.005543] ..TIMER: vector=0x30 apic1=0 pin1=2 apic2=-1 pin2=-1
[   16.133011] APIC calibration not consistent with PM-Timer: 108ms instead of 100ms
[   16.141706] APIC delta adjusted to PM-Timer: 6245077 (6753506)
[   16.143027] smpboot: CPU0: Intel(R) Core(TM) i5-8250U CPU @ 1.60GHz (family: 0x6, model: 0x8e, stepping: 0xa)
[   16.145436] Performance Events: unsupported p6 CPU model 142 no PMU driver, software events only.
[   16.147667] KVM setup paravirtual spinlock
[   16.162799] x86: Booting SMP configuration:
[   16.258615] .... node  #0, CPUs:      #1
[   16.292416] kvm-clock: cpu 1, msr 0:3ffe3041, secondary cpu clock
[   16.374128] mce: CPU supports 0 MCE banks
[   16.455220] x86: Booted up 1 node, 2 CPUs
[   16.503635] smpboot: Total of 2 processors activated (7199.99 BogoMIPS)
[   16.553832] devtmpfs: initialized
[   16.563059] evm: security.selinux
[   16.577306] evm: security.SMACK64
[   16.604632] evm: security.SMACK64EXEC
[   16.614343] evm: security.SMACK64TRANSMUTE
[   16.728395] evm: security.SMACK64MMAP
[   16.762854] evm: security.ima
[   16.777436] evm: security.capability
[   16.867223] clocksource: jiffies: mask: 0xffffffff max_cycles: 0xffffffff, max_idle_ns: 7645041785100000 ns
[   16.883136] futex hash table entries: 512 (order: 3, 32768 bytes)
[   16.918545] pinctrl core: initialized pinctrl subsystem
[   16.919828] RTC time:  5:31:48, date: 12/22/18
[   16.921022] NET: Registered protocol family 16
[   16.943553] cpuidle: using governor ladder
[   16.960149] cpuidle: using governor menu
[   17.001743] PCCT header not found.
[   17.103625] ACPI: bus type PCI registered
[   17.170983] acpiphp: ACPI Hot Plug PCI Controller Driver version: 0.5
[   17.205912] PCI: Using configuration type 1 for base access
[   17.327997] ACPI: Added _OSI(Module Device)
[   17.400965] ACPI: Added _OSI(Processor Device)
[   17.507307] ACPI: Added _OSI(3.0 _SCP Extensions)
[   17.561175] ACPI: Added _OSI(Processor Aggregator Device)
[   17.575151] ACPI: Executed 1 blocks of module-level executable AML code
[   17.699379] ACPI: Interpreter enabled
[   17.742130] ACPI: (supports S0 S5)
[   17.808139] ACPI: Using IOAPIC for interrupt routing
[   17.866077] PCI: Using host bridge windows from ACPI; if necessary, use "pci=nocrs" and report a bug
[   17.913248] ACPI: PCI Root Bridge [PCI0] (domain 0000 [bus 00-ff])
[   18.001413] acpi PNP0A03:00: _OSC: OS supports [ASPM ClockPM Segments MSI]
[   18.133942] acpi PNP0A03:00: _OSC: not requesting OS control; OS requires [ExtendedConfig ASPM ClockPM MSI]
[   18.141688] acpi PNP0A03:00: fail to add MMCONFIG information, can't access extended PCI configuration space under this bridge.
[   18.171298] PCI host bridge to bus 0000:00
[   18.224989] pci_bus 0000:00: root bus resource [io  0x0000-0x0cf7 window]
[   18.350749] pci_bus 0000:00: root bus resource [io  0x0d00-0xffff window]
[   18.428047] pci_bus 0000:00: root bus resource [mem 0x000a0000-0x000bffff window]
[   18.672065] pci_bus 0000:00: root bus resource [mem 0x40000000-0xfdffffff window]
[   18.733353] pci_bus 0000:00: root bus resource [bus 00-ff]
[   18.867135] pci 0000:00:01.1: legacy IDE quirk: reg 0x10: [io  0x01f0-0x01f7]
[   18.918008] pci 0000:00:01.1: legacy IDE quirk: reg 0x14: [io  0x03f6]
[   18.945831] pci 0000:00:01.1: legacy IDE quirk: reg 0x18: [io  0x0170-0x0177]
[   19.118452] pci 0000:00:01.1: legacy IDE quirk: reg 0x1c: [io  0x0376]
[   19.145487] pci 0000:00:07.0: quirk: [io  0x4000-0x403f] claimed by PIIX4 ACPI
[   19.235702] pci 0000:00:07.0: quirk: [io  0x4100-0x410f] claimed by PIIX4 SMB
[   19.297010] ACPI: PCI Interrupt Link [LNKA] (IRQs 5 9 10 *11)
[   19.305299] ACPI: PCI Interrupt Link [LNKB] (IRQs 5 9 *10 11)
[   19.428937] ACPI: PCI Interrupt Link [LNKC] (IRQs 5 *9 10 11)
[   19.452324] ACPI: PCI Interrupt Link [LNKD] (IRQs 5 9 10 *11)
[   19.549967] ACPI: Enabled 2 GPEs in block 00 to 07
[   19.672785] vgaarb: setting as boot device: PCI:0000:00:02.0
[   19.682054] vgaarb: device added: PCI:0000:00:02.0,decodes=io+mem,owns=io+mem,locks=none
[   19.718981] vgaarb: loaded
[   19.766879] vgaarb: bridge control possible 0000:00:02.0
[   19.814527] SCSI subsystem initialized
[   19.881376] ACPI: bus type USB registered
[   19.896105] usbcore: registered new interface driver usbfs
[   19.897385] usbcore: registered new interface driver hub
[   19.920788] usbcore: registered new device driver usb
[   19.975320] PCI: Using ACPI for IRQ routing
[   20.020337] NetLabel: Initializing
[   20.088048] NetLabel:  domain hash size = 128
[   20.147611] NetLabel:  protocols = UNLABELED CIPSOv4
[   20.236381] NetLabel:  unlabeled traffic allowed by default
[   20.431734] amd_nb: Cannot enumerate AMD northbridges
[   20.436109] clocksource: Switched to clocksource kvm-clock
[   20.450691] AppArmor: AppArmor Filesystem Enabled
[   24564pn P AI it
[ 2169750] pnp:nPCP fnd dvices
[   22.164140] clocksource: acpi_pm: mask: 0xffffff max_cycles: 0xffffff, max_idle_ns: 2085701024 ns
[   22.200494] NET: Registered protocol family 2
[   22.209435] TCP established hash table entries: 8192 (order: 4, 65536 bytes)
[   22.232145] TCP bind hash table entries: 8192 (order: 5, 131072 bytes)
[   22.344617] TCP: Hash tables configured (established 8192 bind 8192)
[   22.470518] UDP hash table entries: 512 (order: 2, 16384 bytes)
[   22.541041] UDP-Lite hash table entries: 512 (order: 2, 16384 bytes)
[   22.586273] NET: Registered protocol family 1
[   22.587300] pci 0000:00:00.0: Limiting direct PCI/PCI transfers
[   22.588593] pci 0000:00:01.0: Activating ISA DMA hang workarounds
[   22.596565] Unpacking initramfs...
[   22.782429] Freeing initrd memory: 14804K
[   22.877817] platform rtc_cmos: registered platform RTC device (no PNP device found)
[   22.978661] Scanning for low memory corruption every 60 seconds
[   23.048643] audit: initializing netlink subsys (disabled)
[   23.055378] audit: type=2000 audit(1545456701.274:1): initialized
[   23.063170] Initialise system trusted keyring
[   23.064525] HugeTLB registered 2 MB page size, pre-allocated 0 pages
[   23.067173] zbud: loaded
[   23.124373] VFS: Disk quotas dquot_6.6.0
[   23.131870] VFS: Dquot-cache hash table entries: 512 (order 0, 4096 bytes)
[   23.142231] squashfs: version 4.0 (2009/01/31) Phillip Lougher
[   23.150951] fuse init (API version 7.23)
[   23.166875] Key type big_key registered
[   23.174698] Allocating IMA MOK and blacklist keyrings.
[   23.177447] Key type asymmetric registered
[   23.200025] Asymmetric key parser 'x509' registered
[   23.272254] Block layer SCSI generic (bsg) driver version 0.4 loaded (major 249)
[   23.274130] io scheduler noop registered
[   23.275321] io scheduler deadline registered (default)
[   23.298715] io scheduler cfq registered
[   23.299757] pci_hotplug: PCI Hot Plug PCI Core version: 0.5
[   23.301011] pciehp: PCI Express Hot Plug Controller Driver version: 0.4
[   23.302527] ACPI: AC Adapter [AC] (on-line)
[   23.303564] input: Power Button as /devices/LNXSYSTM:00/LNXPWRBN:00/input/input0
[   23.312233] ACPI: Power Button [PWRF]
[   23.313215] input: Sleep Button as /devices/LNXSYSTM:00/LNXSLPBN:00/input/input1
[   23.321769] ACPI: Sleep Button [SLPF]
[   23.322912] GHES: HEST is not enabled!
[   23.323561] ACPI: Battery Slot [BAT0] (battery present)
[   23.384682] Serial: 8250/16550 driver, 32 ports, IRQ sharing enabled
[   23.408535] 00:02: ttyS0 at I/O 0x3f8 (irq = 4, base_baud = 115200) is a 16550A
[   23.419648] Linux agpgart interface v0.103
[   23.422486] loop: module loaded
[   23.444581] scsi host0: ata_piix
[   23.452032] scsi host1: ata_piix
[   23.459547] ata1: PATA max UDMA/33 cmd 0x1f0 ctl 0x3f6 bmdma 0xd000 irq 14
[   23.505874] ata2: PATA max UDMA/33 cmd 0x170 ctl 0x376 bmdma 0xd008 irq 15
[   23.507386] libphy: Fixed MDIO Bus: probed
[   23.508394] tun: Universal TUN/TAP device driver, 1.6
[   23.509538] tun: (C) 1999-2004 Max Krasnyansky <maxk@qualcomm.com>
[   23.510909] PPP generic driver version 2.4.2
[   23.511973] ehci_hcd: USB 2.0 'Enhanced' Host Controller (EHCI) Driver
[   23.513359] ehci-pci: EHCI PCI platform driver
[   23.514410] ehci-platform: EHCI generic platform driver
[   23.515573] ohci_hcd: USB 1.1 'Open' Host Controller (OHCI) Driver
[   24.039896] tsc: Refined TSC clocksource calibration: 1800.005 MHz
[   24.091651] clocksource: tsc: mask: 0xffffffffffffffff max_cycles: 0x19f22e42037, max_idle_ns: 440795249997 ns
[   24.091732] ohci-pci: OHCI PCI platform driver
[   24.091754] ohci-platform: OHCI generic platform driver
[   24.091767] uhci_hcd: USB Universal Host Controller Interface driver
[   24.091826] i8042: PNP: PS/2 Controller [PNP0303:PS2K,PNP0f03:PS2M] at 0x60,0x64 irq 1,12
[   24.092334] serio: i8042 KBD port at 0x60,0x64 irq 1
[   24.092338] serio: i8042 AUX port at 0x60,0x64 irq 12
[   24.125130] mousedev: PS/2 mouse device common for all mice
[   24.125424] input: AT Translated Set 2 keyboard as /devices/platform/i8042/serio0/input/input2
[   24.125788] rtc_cmos rtc_cmos: rtc core: registered rtc_cmos as rtc0
[   24.125852] rtc_cmos rtc_cmos: alarms up to one day, 114 bytes nvram
[   24.125858] i2c /dev entries driver
[   24.125905] device-mapper: uevent: version 1.0.3
[   24.125951] device-mapper: ioctl: 4.34.0-ioctl (2015-10-28) initialised: dm-devel@redhat.com
[   24.125971] ledtrig-cpu: registered to indicate activity on CPUs
[   24.126218] NET: Registered protocol family 10
[   24.126342] NET: Registered protocol family 17
[   24.126351] Key type dns_resolver registered
[   24.126546] registered taskstats version 1
[   24.126570] Loading compiled-in X.509 certificates
[   24.127053] Loaded X.509 cert 'Build time autogenerated kernel key: 2b5438463a545abf193c13ead155e0657f6c69dd'
[   24.127068] zswap: loaded using pool lzo/zbud
[   24.128358] Key type trusted registered
[   24.130423] Key type encrypted registered
[   24.130427] AppArmor: AppArmor sha1 policy hashing enabled
[   24.130429] ima: No TPM chip found, activating TPM-bypass!
[   24.130432] ima: Allocated hash algorithm: sha1
[   24.130443] evm: HMAC attrs: 0x1
[   24.130741]   Magic number: 14:695:517
[   24.139195] rtc_cmos rtc_cmos: setting system clock to 2018-12-22 05:31:55 UTC (1545456715)
[   24.139278] BIOS EDD facility v0.16 2004-Jun-25, 0 devices found
[   24.139278] EDD information not available.
[   24.574038] Freeing unused kernel memory: 1528K
[   25.597170] Write protecting the kernel read-only data: 14336k
[   25.631114] Freeing unused kernel memory: 1664K
[   25.684822] Freeing unused kernel memory: 88K
Loading, please wait...
[   26.166171] random: systemd-udevd: uninitialized urandom read (16 bytes read, 7 bits of entropy available)
starting version[   26.166689] random: udevadm: uninitialized urandom read (16 bytes read, 7 bits of entropy available)
 229
[   26.166704] random: udevadm: uninitialized urandom read (16 bytes read, 7 bits of entropy available)
[   26.174296] random: udevadm: uninitialized urandom read (16 bytes read, 7 bits of entropy available)
[   26.174331] random: udevadm: uninitialized urandom read (16 bytes read, 7 bits of entropy available)
[   26.174460] random: udevadm: uninitialized urandom read (16 bytes read, 7 bits of entropy available)
[   26.174507] random: udevadm: uninitialized urandom read (16 bytes read, 7 bits of entropy available)
[   26.174577] random: udevadm: uninitialized urandom read (16 bytes read, 7 bits of entropy available)
[   26.174625] random: udevadm: uninitialized urandom read (16 bytes read, 7 bits of entropy available)
[   26.174668] random: udevadm: uninitialized urandom read (16 bytes read, 7 bits of entropy available)
[   27.229649] e1000: Intel(R) PRO/1000 Network Driver - version 7.3.21-k8-NAPI
[   27.263720] e1000: Copyright (c) 1999-2006 Intel Corporation.
[   27.288754] Fusion MPT base driver 3.04.20
[   27.374503] Copyright (c) 1999-2008 LSI Corporation
[   27.446027] AVX2 version of gcm_enc/dec engaged.
[   27.518628] AES CTR mode by8 optimization enabled
[   27.548948] Fusion MPT SPI Host driver 3.04.20
[   27.661856] input: ImExPS/2 Generic Explorer Mouse as /devices/platform/i8042/serio1/input/input4
[   28.242102] e1000 0000:00:03.0 eth0: (PCI:33MHz:32-bit) 02:b4:5c:5b:e6:80
[   28.667008] e1000 0000:00:03.0 eth0: Intel(R) PRO/1000 Network Connection
[   28.803758] mptbase: ioc0: Initiating bringup
[   29.151931] ioc0: LSI53C1030 A0: Capabilities={Initiator}
[   30.414735] scsi host2: ioc0: LSI53C1030 A0, FwRev=00000000h, Ports=1, MaxQ=256, IRQ=20
[   31.163132] scsi 2:0:0:0: Direct-Access     VBOX     HARDDISK         1.0  PQ: 0 ANSI: 5
[   31.646009] scsi target2:0:0: Beginning Domain Validation
[   31.662212] scsi target2:0:0: Domain Validation skipping write tests
[   31.690131] scsi target2:0:0: Ending Domain Validation
[   33.221335] scsi target2:0:0: asynchronous
[   33.252403] scsi 2:0:1:0: Direct-Access     VBOX     HARDDISK         1.0  PQ: 0 ANSI: 5
[   33.449756] scsi target2:0:1: Beginning Domain Validation
[   33.558635] e1000 0000:00:08.0 eth1: (PCI:33MHz:32-bit) 08:00:27:ec:5f:5b
[   33.558638] e1000 0000:00:08.0 eth1: Intel(R) PRO/1000 Network Connection
[   33.667550] e1000 0000:00:03.0 enp0s3: renamed from eth0
[   33.847115] scsi target2:0:1: Domain Validation skipping write tests
[   33.853494] e1000 0000:00:08.0 enp0s8: renamed from eth1
[   33.918312] scsi target2:0:1: Ending Domain Validation
[   33.919594] scsi target2:0:1: asynchronous
[   34.038090] sd 2:0:0:0: Attached scsi generic sg0 type 0
[   34.156353] sd 2:0:0:0: [sda] 20971520 512-byte logical blocks: (10.7 GB/10.0 GiB)
[   34.171573] sd 2:0:1:0: Attached scsi generic sg1 type 0
[   34.171656] sd 2:0:1:0: [sdb] 20480 512-byte logical blocks: (10.5 MB/10.0 MiB)
[   34.171676] sd 2:0:0:0: [sda] Write Protect is off
[   34.194581] sd 2:0:0:0: [sda] Incomplete mode parameter data
[   34.197648] sd 2:0:0:0: [sda] Assuming drive cache: write through
[   34.197680] sd 2:0:1:0: [sdb] Write Protect is off
[   34.197868] sd 2:0:1:0: [sdb] Incomplete mode parameter data
[   34.197869] sd 2:0:1:0: [sdb] Assuming drive cache: write through
[   34.205771] sd 2:0:1:0: [sdb] Attached SCSI disk
[   35.834540]  sda: sda1
[   35.836756] sd 2:0:0:0: [sda] Attached SCSI disk
Begin: Loading e[   37.393465] md: linear personality registered for level -1
ssential drivers[   37.529883] md: multipath personality registered for level -4
 ... [   37.558011] md: raid0 personality registered for level 0
[   37.634892] md: raid1 personality registered for level 1
[   37.788126] raid6: sse2x1   gen()  9505 MB/s
[   37.913032] raid6: sse2x1   xor()  8582 MB/s
[   38.080893] raid6: sse2x2   gen() 14055 MB/s
[   38.256474] raid6: sse2x2   xor()  8276 MB/s
[   38.345255] raid6: sse2x4   gen() 15973 MB/s
[   38.476124] raid6: sse2x4   xor()  8816 MB/s
[   38.620508] raid6: avx2x1   gen() 18146 MB/s
[   38.772531] raid6: avx2x2   gen() 22360 MB/s
[   38.896696] raid6: avx2x4   gen() 27067 MB/s
[   38.905516] raid6: using algorithm avx2x4 gen() 27067 MB/s
[   38.908688] raid6: using avx2x2 recovery algorithm
[   38.936057] xor: automatically using best checksumming function:
[   39.060186]    avx       : 25932.000 MB/sec
[   39.074686] async_tx: api initialized (async)
[   39.096592] md: raid6 personality registered for level 6
[   39.113093] md: raid5 personality registered for level 5
[   39.114297] md: raid4 personality registered for level 4
[   39.120551] md: raid10 personality registered for level 10
done.
Begin: Running /scripts/init-premount ...[   39.149012] Btrfs loaded
 done.
Begin: Mounting root file system ... Begin: Running /scripts/local-top ... done.
Begin: Running /scripts/local-premount ... Scanning for Btrfs filesystems
done.
Warning: fsck no[   40.573263] EXT4-fs (sda1): INFO: recovery required on readonly filesystem
t present, so sk[   40.659139] EXT4-fs (sda1): write access will be enabled during recovery
ipping root file system
[   40.799167] EXT4-fs (sda1): recovery complete
[   40.870779] EXT4-fs (sda1): mounted filesystem with ordered data mode. Opts: (null)
done.
Begin: Running /scripts/local-bottom ... done.
Begin: Running /scripts/init-bot[   41.048493] random: nonblocking pool is initialized
tom ... done.
[   42.877050] systemd[1]: systemd 229 running in system mode. (+PAM +AUDIT +SELINUX +IMA +APPARMOR +SMACK +SYSVINIT +UTMP +LIBCRYPTSETUP +GCRYPT +GNUTLS +ACL +XZ -LZ4 +SECCOMP +BLKID +ELFUTILS +KMOD -IDN)
[   42.958080] systemd[1]: Detected virtualization oracle.
[   43.061146] systemd[1]: Detected architecture x86-64.

Welcome to [1mUbuntu 16.04.5 LTS[0m!

[   43.356023] systemd[1]: Set hostname to <ubuntu-xenial>.
[   45.678320] systemd[1]: Listening on udev Control Socket.
[[0;32m  OK  [0m] Listening on udev Control Socket.
[   45.800680] systemd[1]: Listening on Journal Socket.
[[0;32m  OK  [0m] Listening on Journal Socket.
[   45.953262] systemd[1]: Created slice User and Session Slice.
[[0;32m  OK  [0m] Created slice User and Session Slice.
[   45.988288] systemd[1]: Reached target System Time Synchronized.
[[0;32m  OK  [0m] Reached target System Time Synchronized.
[   46.168913] systemd[1]: Created slice System Slice.
[[0;32m  OK  [0m] Created slice System Slice.
[   46.196854] systemd[1]: Listening on Journal Audit Socket.
[[0;32m  OK  [0m] Listening on Journal Audit Socket.
[   46.388658] systemd[1]: Starting Set console keymap...
         Starting Set console keymap...
[   46.521411] systemd[1]: Reached target Swap.
[[0;32m  OK  [0m] Reached target Swap.
[   46.589120] systemd[1]: Reached target User and Group Name Lookups.
[[0;32m  OK  [0m] Reached target User and Group Name Lookups.
[   46.680225] systemd[1]: Created slice system-serial\x2dgetty.slice.
[[0;32m  OK  [0m] Created slice system-serial\x2dgetty.slice.
[   46.840733] systemd[1]: Starting Create list of required static device nodes for the current kernel...
         Starting Create list of required st... nodes for the current kernel...
[   47.069284] systemd[1]: Starting Uncomplicated firewall...
         Starting Uncomplicated firewall...
[   47.204908] systemd[1]: Listening on Device-mapper event daemon FIFOs.
[[0;32m  OK  [0m] Listening on Device-mapper event daemon FIFOs.
[   47.364357] systemd[1]: Started Forward Password Requests to Wall Directory Watch.
[[0;32m  OK  [0m] Started Forward Password Requests to Wall Directory Watch.
[   47.556744] systemd[1]: Listening on LVM2 poll daemon socket.
[[0;32m  OK  [0m] Listening on LVM2 poll daemon socket.
[   47.808524] systemd[1]: Starting Load Kernel Modules...
         Starting Load Kernel Modules...
[   47.856350] systemd[1]: Reached target Encrypted Volumes.
[[0;32m  OK  [0m] Reached target Encrypted Volumes.
[   47.933581] systemd[1]: Listening on /dev/initctl Compatibility Named Pipe.
[   406196] Loading iSCSI transport asv2-8. [[0;32m  OK  [0m] Listening on /dev/initctl Compatibility Named Pipe.
[   48.460378] systemd[1]: Listening on LVM2 metadata daemon socket.
[[0;32m  OK  [0m] Listening on LVM2 metadata daemon socket.
[   48.479566] iscsi: registered transport (tcp)
[   48.504297] systemd[1]: Starting Monitoring of LVM2 mirrors, snapshots etc. using dmeventd or progress polling...
         Starting Monitoring of LVM2 mirrors... dmeventd or progress polling...
[   48.603896] systemd[1]: Mounting Debug File System...
         Mounting Debug File System...
[   48.621895] systemd[1]: Mounting Huge Pages File System...
         Mounting Huge Pages File System...
[   48.637790] systemd[1]: Reached target Slices.
[[0;32m  OK  [0m] Reached target Slices.
[   48.716316] systemd[1]: Mounting POSIX Message Queue File System...
         Mounting POSIX Message Queue File System...
[   48.804464] systemd[1]: Listening on Syslog Socket.
[[0;32m  OK  [0m] Listening on Syslog Socket.
[   48.880862] systemd[1]: Starting Remount Root and Kernel File Systems...
         Starting Remount Root and Kernel File Systems...
[   49.024838] systemd[1]: Started Trigger resolvconf update for networkd DNS.
[[0;32m  OK  [0m] Started Trigger resolvconf update for networkd DNS.
[   49.080643] systemd[1]: Set up automount Arbitrary Executable File Formats File System Automount Point.
[[0;32m  OK  [[   49.132759] EXT4-fs (sda1): re-mounted. Opts: (null)
0m] Set up automount Arbitrary Executab...ats File System Automount Point.
[   49.219776] systemd[1]: Listening on Journal Socket (/dev/log).
[[0;32m  OK  [0m] Listening on Journal Socket (/dev/log).
[   49.296247] systemd[1]: Starting Journal Service...
[   49.350735] iscsi: registered transport (iser)
         Starting Journal Service...
[   49.360668] systemd[1]: Listening on udev Kernel Socket.
[[0;32m  OK  [0m] Listening on udev Kernel Socket.
[   49.500981] systemd[1]: Starting Nameserver information manager...
         Starting Nameserver information manager...
[   49.653377] systemd[1]: Mounted Debug File System.
[[0;32m  OK  [0m] Mounted Debug File System.
[   49.702020] systemd[1]: Mounted POSIX Message Queue File System.
[[0;32m  OK  [0m] Mounted POSIX Message Queue File System.
[   49.752877] systemd[1]: Mounted Huge Pages File System.
[[0;32m  OK  [0m] Mounted Huge Pages File System.
[   49.861336] systemd[1]: Started Journal Service.
[[0;32m  OK  [0m] Started Journal Service.
[[0;32m  OK  [0m] Started Set console keymap.
[[0;32m  OK  [0m] Started Create list of required sta...ce nodes for the current kernel.
[[0;32m  OK  [0m] Started Uncomplicated firewall.
[[0;32m  OK  [0m] Started Load Kernel Modules.
[[0;32m  OK  [0m] Started Remount Root and Kernel File Systems.
[[0;32m  OK  [0m] Started LVM2 metadata daemon.
         Starting Load/Save Random Seed...
         Starting udev Coldplug all Devices...
         Starting Apply Kernel Variables...
         Mounting FUSE Control File System...
         Starting Create Static Device Nodes in /dev...
         Starting Flush Journal to Persistent Storage...
[[0;32m  OK  [0m] Mounted FUSE Control File System.
[[0;32m  OK  [0m] Started Nameserver information manager.
[[0;32m  OK  [0m] Started Load/Save Random Seed.
[[0;32m  OK  [0m] Started Monitoring of LVM2 mirrors,...ng dmeventd or progress polling.
[[0;32m  OK  [0m] Started Apply Kernel Variables.
[[0;32m  OK  [0m] Started Create Static Device Nodes in /dev.
[[0;32m  OK  [0m] Started udev Coldplug all Devices.
         Starting udev Kernel Device Manager...
[[0;32m  OK  [0m] Reached target Local File Systems (Pre).
[[0;32m  OK  [0m] Reached target Local File Systems.
         Starting LSB: AppArmor initialization...
         Starting Initial cloud-init job (pre-networking)...
         Starting Tell Plymouth To Write Out Runtime Data...
         Starting Set console font and keymap...
[[0;32m  OK  [0m] Started Flush Journal to Persistent Storage.
[[0;32m  OK  [0m] Started Tell Plymouth To Write Out Runtime Data.
         Starting Create Volatile Files and Directories...
[[0;32m  OK  [0m] Started udev Kernel Device Manager.
[[0;32m  OK  [0m] Started Dispatch Password Requests to Console Directory Watch.
[[0;32m  OK  [0m] Found device /dev/ttyS0.
[[0;32m  OK  [0m] Listening on Load/Save RF Kill Switch Status /dev/rfkill Watch.
[[0;32m  OK  [0m] Started Set console font and keymap.
[[0;32m  OK  [0m] Created slice system-getty.slice.
[[0;32m  OK  [0m] Found device 82540EM Gigabit Ethern...r (PRO/1000 MT Desktop Adapter).
[[0;32m  OK  [0m] Found device 82540EM Gigabit Ethern...r (PRO/1000 MT Desktop Adapter).
[[0;32m  OK  [0m] Started Create Volatile Files and Directories.
         Starting Update UTMP about System Boot/Shutdown...
[[0;32m  OK  [0m] Started Update UTMP about System Boot/Shutdown.
[[0;32m  OK  [0m] Started LSB: AppArmor initialization.
[   38.016138] cloud-init[473]: Cloud-init v. 18.4-0ubuntu1~16.04.2 running 'init-local' at Sat, 22 Dec 2018 05:32:28 +0000. Up 37.31 seconds.
[[0;32m  OK  [0m] Started Initial cloud-init job (pre-networking).
[[0;32m  OK  [0m] Reached target Network (Pre).
[[0;32m  OK  [0m] Started ifup for enp0s3.
[[0;32m  OK  [0m] Started ifup for enp0s8.
         Starting Raise network interfaces...
[[0;32m  OK  [0m] Started Raise network interfaces.
[[0;32m  OK  [0m] Reached target Network.
         Starting Initial cloud-init job (metadata service crawler)...
[   40.145936] cloud-init[1082]: Cloud-init v. 18.4-0ubuntu1~16.04.2 running 'init' at Sat, 22 Dec 2018 05:32:30 +0000. Up 39.09 seconds.
[[0;32m  OK  [0m] Started Initial cloud-init job (metadata service crawler).
[[0;32m  OK  [0m] Reached target System Initialization.
[   40.271985] cloud-init[1082]: ci-info: ++++++++++++++++++++++++++++++++++++++Net device info+++++++++++++++++++++++++++++++++++++++
[   40.430904] cloud-init[1082]: ci-info: +--------+------+-----------------------------+---------------+--------+-------------------+
[   40.547030] cloud-init[1082]: ci-info: | Device |  Up  |           Address           |      Mask     | Scope  |     Hw-Address    |
[[0;32m  OK  [0m] Listening on UUID daemon activation socket.
[   40.560078]          cloud-initStarting Socket activation for snappy daemon.[1082]: 
ci-info: +--------+------+-----------------------------+---------------+--------+-------------------+
[   40.616417]          Starting LXD - unix socket.
[[0;32m  OK  [0m] Listening on ACPID Listen Socket.
cloud-init[1082]: ci-info: | enp0s3 | True |          10.0.2.15          | 255.255.255.0 | global | 02:b4:5c:5b:e6:80 |
[   40.756948] [[0;32m  OK  [0m] Started ACPI Events Check.
[[0;32m  OK  [0m] Reached target Paths.
cloud-init[1082]: ci-info: | enp0s3 | True |  fe80::b4:5cff:fe5b:e680/64 |       .       |  link  | 02:b4:5c:5b:e6:80 |
[   40.871505] cloud-init[1082]: ci-info: | enp0s8 | True |         192.168.0.5         | 255.255.255.0 | global | 08:00:27:ec:5f:5b |
[[0;32m  OK  [0m] Started Daily apt download activities.
[   40.874788] [[0;32m  OK  [0m] Started Daily apt upgrade and clean activities.
[[0;32m  OK  [0m] Listening on D-Bus System Message Bus Socket.
[[0;32m  OK  [0m] Started Daily Cleanup of Temporary Directories.
[[0;32m  OK  [0m] Reached target Timers.
[[0;32m  OK  [0m] Reached target Cloud-config availability.
[[0;32m  OK  [0m] Reached target Network is Online.
cloud-init[1082]: ci-info: | enp0s8 | True | fe80::a00:27ff:feec:5f5b/64 |       .       |  link  | 08:00:27:ec:5f:5b |
[   40.893927]          Starting iSCSI initiator daemon (iscsid)...
cloud-init[[0;32m  OK  [0m] Listening on Socket activation for snappy daemon.
[[0;32m  OK  [0m] Listening on LXD - unix socket.
[1082]: ci-info: |   lo   | True |          127.0.0.1          |   255.0.0.0   |  host  |         .         |
[   40.949562] [cloud-init[0;32m  OK  [0m[1082]: ] ci-info: |   lo   | True |           ::1/128           |       .       |  host  |         .         |Reached target Sockets.

[   41.073299] [cloud-init[0;32m  OK  [0m[1082]: ] ci-info: +--------+------+-----------------------------+---------------+--------+-------------------+Reached target Basic System.

[   41.073994] cloud-init[1082]: ci-info: +++++++++++++++++++++++++++Route IPv4 info++++++++++++++++++++++++++++
[   41.346494]          Starting /etc/rc.local Compatibility...
[[0;32m  OK  [0m] Started Unattended Upgrades Shutdown.
cloud-init[1082]: ci-info: +-------+-------------+----------+---------------+-----------+-------+
[   41.447450] [[0;32m  OK  [0m] Started Regular background program processing daemon.
cloud-init[1082]: ci-info: | Route | Destination | Gateway  |    Genmask    | Interface | Flags |
[   41.459061] [[0;32m  OK  [0m] Started Deferred execution scheduler.
         Starting Accounts Service...
cloud-init[1082]: ci-info: +-------+-------------+----------+---------------+-----------+-------+
[   41.461635] cloud-init[1082]: ci-info: |   0   |   0.0.0.0   | 10.0.2.2 |    0.0.0.0    |   enp0s3  |   UG  |
[   41.461856] cloud-init[1082]: ci-info: |   1   |   10.0.2.0  | 0.0.0.0  | 255.255.255.0 |   enp0s3  |   U   |
[   41.462060] cloud-init[1082]: ci-info: |   2   | 192.168.0.0 | 0.0.0.0  | 255.255.255.0 |   enp0s8  |   U   |
[   41.462279] cloud-init[1082]: ci-info: +-------+-------------+----------+---------------+-----------+-------+
[   41.462456] cloud-init[1082]: ci-info: +++++++++++++++++++Route IPv6 info+++++++++++++++++++
[   41.462674] cloud-init[1082]: ci-info: +-------+-------------+---------+-----------+-------+
[   41.463043] cloud-init[1082]: ci-info: | Route | Destination | Gateway | Interface | Flags |
[   41.463263] cloud-init[1082]: ci-info: +-------+-------------+---------+-----------+-------+
[   41.463435] cloud-init[1082]: ci-info: |   0   |  fe80::/64  |    ::   |   enp0s3  |   U   |
[   41.463660] cloud-init[1082]: ci-info: |   1   |  fe80::/64  |    ::   |   enp0s8  |   U   |
[   41.463841] cloud-init[1082]: ci-info: |   4   |   ff00::/8  |    ::   |   enp0s3  |   U   |
[[0;32m  OK  [0m] Started D-Bus System Message Bus.
[   41.464247] cloud-init[1082]: ci-info: |   5   |   ff00::/8  |    ::   |   enp0s8  |   U   |
[   42.024497] cloud-init[1082]: ci-info: +-------+-------------+---------+-----------+-------+
         Starting System Logging Service...
         Starting LSB: Record successful boot for GRUB...
         Starting Login Service...
         Starting LXD - container startup/shutdown...
         Starting LSB: MD monitoring daemon...
[[0;32m  OK  [0m] Started ACPI event daemon.
         Starting Virtualbox guest utils...
         Starting OpenBSD Secure Shell server...
[[0;32m  OK  [0m] Started FUSE filesystem for LXC.
[[0;32m  OK  [0m] Started private_chef Runit Process Supervisor.
         Starting Snappy daemon...
[[0;32m  OK  [0m] Started System Logging Service.
[[0;32m  OK  [0m] Started /etc/rc.local Compatibility.
[[0;32m  OK  [0m] Started Login Service.
         Starting Authenticate and Authorize Users to Run Privileged Tasks...
[[0;32m  OK  [0m] Started LSB: Record successful boot for GRUB.
[[0;32m  OK  [0m] Started iSCSI initiator daemon (iscsid).
         Starting Login to default iSCSI targets...
[[0;32m  OK  [0m] Started LSB: MD monitoring daemon.
[[0;32m  OK  [0m] Started Authenticate and Authorize Users to Run Privileged Tasks.
[[0;32m  OK  [0m] Started Accounts Service.
[[0;32m  OK  [0m] Started Login to default iSCSI targets.
[[0;32m  OK  [0m] Reached target Remote File Systems (Pre).
[[0;32m  OK  [0m] Reached target Remote File Systems.
         Starting LSB: automatic crash report generation...
         Starting LSB: daemon to balance interrupts for SMP systems...
         Starting Permit User Sessions...
         Starting LSB: Set the CPU Frequency Scaling governor to "ondemand"...
[[0;32m  OK  [0m] Started Permit User Sessions.
         Starting Terminate Plymouth Boot Screen...
         Starting Hold until boot process finishes up...
[[0;32m  OK  [0m] Started LSB: Set the CPU Frequency Scaling governor to "ondemand".
[[0;32m  OK  [0m] Started Terminate Plymouth Boot Screen.
[[0;32m  OK  [0m] Started Virtualbox guest utils.
[[0;32m  OK  [0m] Started Hold until boot process finishes up.
[[0;32m  OK  [0m] Started LSB: daemon to balance interrupts for SMP systems.
[[0;32m  OK  [0m] Started OpenBSD Secure Shell server.
[[0;32m  OK  [0m] Started Getty on tty1.
         Starting Set console scheme...
[[0;32m  OK  [0m] Started Serial Getty on ttyS0.
[[0;32m  OK  [0m] Reached target Login Prompts.
[[0;32m  OK  [0m] Started Set console scheme.
[[0;32m  OK  [0m] Started LSB: automatic crash report generation.
[[0;32m  OK  [0m] Started LXD - container startup/shutdown.
[[0;32m  OK  [0m] Created slice User Slice of vagrant.
         Starting User Manager for UID 1000...
[[0;32m  OK  [0m] Started Snappy daemon.
[[0;32m  OK  [0m] Started Session 1 of user vagrant.
         Starting Wait until snapd is fully seeded...
[[0;32m  OK  [0m] Started Wait until snapd is fully seeded.
[[0;32m  OK  [0m] Started User Manager for UID 1000.
         Starting Apply the settings specified in cloud-config...
[[0;32m  OK  [0m] Reached target Multi-User System.
[[0;32m  OK  [0m] Reached target Graphical Interface.
         Starting Update UTMP about System Runlevel Changes...
[[0;32m  OK  [0m] Started Update UTMP about System Runlevel Changes.
[   50.235516] cloud-init[1606]: Cloud-init v. 18.4-0ubuntu1~16.04.2 running 'modules:config' at Sat, 22 Dec 2018 05:32:40 +0000. Up 49.83 seconds.
[[0;32m  OK  [0m] Started Apply the settings specified in cloud-config.
[   51.182512] cloud-init[1638]: Cloud-init v. 18.4-0ubuntu1~16.04.2 running 'modules:final' at Sat, 22 Dec 2018 05:32:41 +0000. Up 50.85 seconds.
[   51.183027] cloud-init[1638]: Cloud-init v. 18.4-0ubuntu1~16.04.2 finished at Sat, 22 Dec 2018 05:32:42 +0000. Datasource DataSourceNoCloud [seed=/dev/sdb][dsmode=net].  Up 51.17 seconds

Ubuntu 16.04.5 LTS ubuntu-xenial ttyS0

ubuntu-xenial login: 