[   .0000 Iitializg groususys ust
[  .000000] Initialing cgroup subsys cpu
[    0.000000] Iitializing cgroup bss cpuacct
[  00000] inuxerion 4.-140enri(bildd@lc1-am4-06) ccveron5.4.206060(Uuntu.40-6ubtu~16.010 ) #166-Ubuntu SMP W Nv 14 209:7 UC 2018 (Ubuntu 4.0-1.16-genic4.4.1)
[  .0000]Commd ine: OTIMAGEbot/vmlinuz-4.4.0-140-generic root=LABEL=cloudimg-rootfs ro console=ttycosolety0
[  000000 KRNELuportecps:
  0.0000   Inl enuineIntel
[   00000]  AMD thnticMD
[  0.00000] CetaurenaurHas
[  .0000]x86/u:xsta_ofset[: 576xsate_sizes[2]:25
[  0.0000 x6/fpu: Supporting XSAVE feature 0x01: 'x87 floating point registers'
[  00000] x8/fpu: Supporting XVEfeature 0x02: 'SSE registers'
[  000000 x6/f: uppoin XSAVE feature 0x0 'VX regier'
[    0.0000 x86pu Enaedxstate featus x7, context size is 832 byt, sing tadardfomat.[    0.000] e820BIS-provided psical RAM map
[   00000] BIOe820 [me0x0000000000-0000000009ff]usabe[    000000BIS-e8: mem 000000009f0-x000000009ffff] rered
[  .000000]IO-e82 [em x0000000f000-0000000000fffff] reserved
[    0.000000] BIOS-e820: [mem 0x0000000000100000-0x000000003ffeffff] usable
[    0.000000] BIOS-e820: [mem 0x000000003ff00-0x000003ffff] AC dta    0.000000] BIOS-e820: [mem 0x00000000c0000-0x00000000fec00fff] reserved
[  00000] IOS-e0:[mem 00000000fee00000-0x00000000fee00fff] reserved
[    0.000000] BIOS-e820: [mem 0x0000000fff00-0x00000fffff] reserved
[    000000]X Exece isab) roteio: acve
[  000000 SMBIOS 2.5 present.
[   0.000] pevisodeecte KM
[  00000] 820:as_pfn 03fff0 max_arch_pfn 0400000000
[  000000] MTRR: Disabled
[   000000] x86/PAT: MTRRs disabled, skipping PAT initialization too.
[    0.000000] CPU MTRRs all blank - virtualized system.
[   0.000] x/PT:onigurio [0-7]: WB  WT  UC- UC  WB  WT  UC- UC  
[   .000000] found SMP MP-table a[mm 0x09ff0-009ffff] mapped at [ffff88000009fff0]
  0.0000 Scanni 1areafo low memy orruio
[  0000000] RAMDISK: [mem 0x36306000-0x3717afff]
[  00000] ACPI: Early table checksum verification disabled
[    00000] PI RSDP 0x00000000000E0000 000024 (v02 VBOX  )
[   .00000ACI: XT x000003FFF300000 (01 VBOX   VBOXXSDT 00000001 ASL  0000006
    00000]CP: FA 00000003FFFF00000F4 (v04 VBOX   VBOXFACP 00001 A  0000061)
[  000000 API: DT0x000000003FFF0470 002F v02 OX  VBOXBIOS 00000002 INTL 20100528)
[  0000000] ACPI: FACS 0x000000003FFF0200 000040
[  00000] CPI:AC 0x000003F000 004
[  00000] ACPI: APIC 0x000000003FFF0240 0000C (v02 VBOX   VBOXAPIC 00000001 ASL  00000061)
[  0000000ACI: SSDT 0x0000000FFF0A0 000C v01 OX  VBOPU 00000002 TL201028
[  00000] o NUMA confurtion found
[    00000] Faking a node at [mem 0x0000000000000000-0x000000003ffeffff]
[    0.000000] NODE_DATA(0) allocated [mem 0x3ffeb000-0x3ffeffff]
[  00000] vm-cck Usg srs 46401 an4b64d00
[  0000000] kvm-cloc cu 0,sr0:3ffe3001, primary cpu clock
[  00000] kvm-clock: using sched offset of 5506669211 cycles
[    0.000000] clocksource: kvm-clock: mask: 0xffffffffffffffff max_cycles: 0x1cd42e4dffb, max_idle_ns: 881590591483 ns
[    0.000000] Zone ranges:
[    0.000000]   DMA      [mem 0x0000000000001000-0x0000000000ffffff]
[    0.000000]   DMA32    [mem 0x0000000001000000-0x000000003ffeffff]
[    0.000000]   Normal   empty
[    0.000000]   Device   empty
[    0.000000] Movable zone start for each node
[    0.000000] Early memory node ranges
[    0.000000]   node   0: [mem 0x0000000000001000-0x000000000009efff]
[    0.000000]   node   0: [mem 0x0000000000100000-0x000000003ffeffff]
[    0.000000] Initmem setup node 0 [mem 0x0000000000001000-0x000000003ffeffff]
[    0.000000] ACPI: PM-Timer IO Port: 0x4008
[    0.000000] IOAPIC[0]: apic_id 2, version 32, address 0xfec00000, GSI 0-23
[    0.000000] ACPI: INT_SRC_OVR (bus 0 bus_irq 0 global_irq 2 dfl dfl)
[    0.000000] ACPI: INT_SRC_OVR (bus 0 bus_irq 9 global_irq 9 low level)
[    0.000000] Using ACPI (MADT) for SMP configuration information
[    0.000000] smpboot: Allowing 2 CPUs, 0 hotplug CPUs
[    0.000000] PM: Registered nosave memory: [mem 0x00000000-0x00000fff]
[    0.000000] PM: Registered nosave memory: [mem 0x0009f000-0x0009ffff]
[    0.000000] PM: Registered nosave memory: [mem 0x000a0000-0x000effff]
[    0.000000] PM: Registered nosave memory: [mem 0x000f0000-0x000fffff]
[    0.000000] e820: [mem 0x40000000-0xfebfffff] available for PCI devices
[    0.000000] Booting paravirtualized kernel on KVM
[    0.000000] clocksource: refined-jiffies: mask: 0xffffffff max_cycles: 0xffffffff, max_idle_ns: 7645519600211568 ns
[    0.0000000] setup_percpu: NR_CPUS:512 nr_cpumask_bits:512 nr_cpu_ids:2 nr_node_ids:1
[    0.000000] PERCPU: Embedded 34 pages/cpu @ffff88003fc00000 s99608 r8192 d31464 u1048576
[    0.000000] PV qspinlock hash table entries: 256 (order: 0, 4096 bytes)
[    0.000000] Built 1 zonelists in Node order, mobility grouping on.  Total pages: 257912
[    0.000000] Policy zone: DMA32
[    0.000000] Kernel command line: BOOT_IMAGE=/boot/vmlinuz-4.0140-eneric root=LABEL=cloudimg-rootfs ro console=tty1 console=ttyS0
[    0.000000] PID hash table entries: 4096 (order: 3, 32768 bytes)
[    0.000000] Memory: 997700K/1048120K available (8564K kernel code, 1314K rwdata, 4008K rodata, 1528K init, 1316K bss, 50420K reserved, 0K cma-reserved)
[    0.000000] SLUB: HWalign=64, Order=0-3, MinObjects=0, CPUs=2, Nodes=1
[    0.000000] Kernel/User page tables isolation: enabled
[    0.00000] Hierarchical RCU implementation.
[    0.000000] 	Build-time adjustment of leaf fanout to 64.
[    0.000000] 	RCU restricting CPUs from NR_CPUS=512 to nr_cpu_ids=2.
[    0.000000] RCU: Adjusting geometry for rcu_fanout_leaf=64, nr_cpu_ids=2
[    0.000000] NR_IRQS:33024 nr_irqs:440 16
[    0.000000] Console: colour VGA+ 80x25
[    0.000000] console [tty1] enabled
[    0.000000] console [ttyS0] enabled
[    0.000000] tsc: Detected 1800.001 MHz processor
[   1533577] Calibrating delay loop (skipped) preset value.. 3600.00 BogoMIPS (lpj=7200004)
[   11.614023] pid_max: default: 32768 minimum: 301
[   11.635580] ACPI: Core revision 20150930
[   11.718136] ACPI: 2 ACPI AML tables successfully acquired and loaded
[   11.791816] Security Framework initialized
[   11.823351] Yama: becoming mindful.
[   11.850822] AppArmor: AppArmor initialized
[   11.859118] Dentry cache hash table entries: 131072 (order: 8, 1048576 bytes)
[   11.870389] Inode-cache hash table entries: 65536 (order: 7, 524288 bytes)
[   11.965339] Mount-cache hash table entries: 2048 (order: 2, 16384 bytes)
[   11.974655] Mountpoint-cache hash table entries: 2048 (order: 2, 16384 bytes)
[   11.982999] Initializing cgroup subsys io
[   11.983991] Initializing cgroup subsys memory
[   11.985040] Initializing cgroup subsys devices
[   11.986087] Initializing cgroup subsys freezer
[   11.987159] Initializing cgroup subsys net_cls
[   11.988202] Initializing cgroup subsys perf_event
[   11.996276] Initializing cgroup subsys net_prio
[   12.024710] Initializing cgroup subsys hugetlb
[   12.108238] Initializing cgroup subsys pids
[   12.137595] mce: CPU supports 0 MCE banks
[   12.151295] Last level iTLB entries: 4KB 64, 2MB 8, 4MB 8
[   12.178933] Last level dTLB entries: 4KB 64, 2MB 0, 4MB 0, 1GB 4
[   12.180224] Spectre V2 : Mitigation: Full generic retpoline
[   12.181474] Spectre V2 : Spectre v2 mitigation: Speculation control IBPB not-supported IBRS not-supported
[   12.183320] Spectre V2 : Spectre v2 / SpectreRSB mitigation: Filling RSB on context switch
[   12.185580] Speculative Store Bypass: Vulnerable
[   12.289629] Freeing SMP alternatives memory: 32K
[   12.312588] ftrace: allocating 32287 entries in 127 pages
[   12.387288] smpboot: APIC(0) Converting physical 0 to logical package 0
[   12.388815] smpboot: Max logical packages: 1
[   12.390222] x2apic enabled
[   12.391282] Switched APIC routing to physical x2apic.
[   12.393942] ..TIMER: vector=0x30 apic1=0 pin1=2 apic2=-1 pin2=-1
[   12.529392] smpboot: CPU0: Intel(R) Core(TM) i5-8250U CPU @ 1.60GHz (family: 0x6, model: 0x8e, stepping: 0xa)
[   12.612012] Performance Events: unsupported p6 CPU model 142 no PMU driver, software events only.
[   12.680017] KVM setup paravirtual spinlock
[   12.695066] x86: Booting SMP configuration:
[   12.696083] .... node  #0, CPUs:      #1
[   12.697118] kvm-clock: cpu 1, msr 0:3ffe3041, secondary cpu clock
[   12.718715] mce: CPU supports 0 MCE banks
[   12.729127] x86: Booted up 1 node, 2 CPUs
[   12.790020] smpboot: Total of 2 processors activated (7200.00 BogoMIPS)
[   12.792026] devtmpfs: initialized
[   12.857478] evm: security.selinux
[   12.867776] evm: security.SMACK64
[   12.915538] evm: security.SMACK64EXEC
[   12.985713] evm: security.SMACK64TRANSMUTE
[   13.019893] evm: security.SMACK64MMAP
[   13.077331] evm: security.ima
[   13.124687] evm: security.capability
[   13.126094] clocksource: jiffies: mask: 0xffffffff max_cycles: 0xffffffff, max_idle_ns: 7645041785100000 ns
[   13.242820] futex hash table entries: 512 (order: 3, 32768 bytes)
[   13.271917] pinctrl core: initialized pinctrl subsystem
[   13.304962] RTC time:  6:14:14, date: 12/21/18
[   13.391330] NET: Registered protocol family 16
[   13.443475] cpuidle: using governor ladder
[   13.571648] cpuidle: using governor menu
[   13.732232] PCCT header not found.
[   13.812567] ACPI: bus type PCI registered
[   13.864977] acpiphp: ACPI Hot Plug PCI Controller Driver version: 0.5
[   14.036011] PCI: Using configuration type 1 for base access
[   14.174042] ACPI: Added _OSI(Module Device)
[   14.175234] ACPI: Added _OSI(Processor Device)
[   14.183321] ACPI: Added _OSI(3.0 _SCP Extensions)
[   14.217260] ACPI: Added _OSI(Processor Aggregator Device)
[   14.259243] ACPI: Executed 1 blocks of module-level executable AML code
[   14.323618] ACPI: Interpreter enabled
[   14.363137] ACPI: (supports S0 S5)
[   14.423815] ACPI: Using IOAPIC for interrupt routing
[   14.451479] PCI: Using host bridge windows from ACPI; if necessary, use "pci=nocrs" and report a bug
[   14.457459] ACPI: PCI Root Bridge [PCI0] (domain 0000 [bus 00-ff])
[   14.458858] acpi PNP0A03:00: _OSC: OS supports [ASPM ClockPM Segments MSI]
[   14.466413] acpi PNP0A03:00: _OSC: not requesting OS control; OS requires [ExtendedConfig ASPM ClockPM MSI]
[   14.570516] acpi PNP0A03:00: fail to add MMCONFIG information, can't access extended PCI configuration space under this bridge.
[   14.763309] PCI host bridge to bus 0000:00
[   14.845567] pci_bus 0000:00: root bus resource [io  0x0000-0x0cf7 window]
[   14.866674] pci_bus 0000:00: root bus resource [io  0x0d00-0xffff window]
[   14.933186] pci_bus 0000:00: root bus resource [mem 0x000a0000-0x000bffff window]
[   14.941713] pci_bus 0000:00: root bus resource [mem 0x40000000-0xfdffffff window]
[   14.943733] pci_bus 0000:00: root bus resource [bus 00-ff]
[   14.962752] pci 0000:00:01.1: legacy IDE quirk: reg 0x10: [io  0x01f0-0x01f7]
[   14.977318] pci 0000:00:01.1: legacy IDE quirk: reg 0x14: [io  0x03f6]
[   15.038084] pci 0000:00:01.1: legacy IDE quirk: reg 0x18: [io  0x0170-0x0177]
[   15.211049] pci 0000:00:01.1: legacy IDE quirk: reg 0x1c: [io  0x0376]
[   15.246846] pci 0000:00:07.0: quirk: [io  0x4000-0x403f] claimed by PIIX4 ACPI
[   15.331547] pci 0000:00:07.0: quirk: [io  0x4100-0x410f] claimed by PIIX4 SMB
[   15.342283] ACPI: PCI Interrupt Link [LNKA] (IRQs 5 9 10 *11)
[   15.448064] ACPI: PCI Interrupt Link [LNKB] (IRQs 5 9 *10 11)
[   15.489060] ACPI: PCI Interrupt Link [LNKC] (IRQs 5 *9 10 11)
[   15.520329] ACPI: PCI Interrupt Link [LNKD] (IRQs 5 9 10 *11)
[   15.642700] ACPI: Enabled 2 GPEs in block 00 to 07
[   15.646172] vgaarb: setting as boot device: PCI:0000:00:02.0
[   15.771031] vgaarb: device added: PCI:0000:00:02.0,decodes=io+mem,owns=io+mem,locks=none
[   15.844346] vgaarb: loaded
[   15.851299] vgaarb: bridge control possible 0000:00:02.0
[   15.852743] SCSI subsystem initialized
[   15.853873] ACPI: bus type USB registered
[   15.905896] usbcore: registered new interface driver usbfs
[   15.914045] usbcore: registered new interface driver hub
[   15.915259] usbcore: registered new device driver usb
[   15.919549] PCI: Using ACPI for IRQ routing
[   15.934594] NetLabel: Initializing
[   15.982067] NetLabel:  domain hash size = 128
[   16.002534] NetLabel:  protocols = UNLABELED CIPSOv4
[   16.064882] NetLabel:  unlabeled traffic allowed by default
[   16.072829] amd_nb: Cannot enumerate AMD northbridges
[   16.113572] clocksource: Switched to clocksource kvm-clock
[   16.1262] pAorAprm Flesystem Enabled
[  16.4574pn P AI it[ 16512]npPnAC: un3 vis
[   17.449623] clocksource: acpi_pm: mask: 0xffffff max_cycles: 0xffffff, max_idle_ns: 2085701024 ns
[   17.474396] NET: Registered protocol family 2
[   17.482349] TCP established hash table entries: 8192 (order: 4, 65536 bytes)
[   17.509945] TCP bind hash table entries: 8192 (order: 5, 131072 bytes)
[   17.526471] TCP: Hash tables configured (established 8192 bind 8192)
[   17.563698] UDP hash table entries: 512 (order: 2, 16384 bytes)
[   17.572287] UDP-Lite hash table entries: 512 (order: 2, 16384 bytes)
[   17.661770] NET: Registered protocol family 1
[   17.700467] pci 0000:00:00.0: Limiting direct PCI/PCI transfers
[   17.730146] pci 0000:00:01.0: Activating ISA DMA hang workarounds
[   17.731644] Unpacking initramfs...
[   17.986115] Freeing initrd memory: 14804K
[   18.021509] platform rtc_cmos: registered platform RTC device (no PNP device found)
[   18.030284] Scanning for low memory corruption every 60 seconds
[   18.113721] audit: initializing netlink subsys (disabled)
[   18.147675] audit: type=2000 audit(1545372851.062:1): initialized
[   18.166270] Initialise system trusted keyring
[   18.182528] HugeTLB registered 2 MB page size, pre-allocated 0 pages
[   18.185322] zbud: loaded
[   18.186497] VFS: Disk quotas dquot_6.6.0
[   18.187707] VFS: Dquot-cache hash table entries: 512 (order 0, 4096 bytes)
[   18.195907] squashfs: version 4.0 (2009/01/31) Phillip Lougher
[   18.203927] fuse init (API version 7.23)
[   18.257146] Key type big_key registered
[   18.296200] Allocating IMA MOK and blacklist keyrings.
[   18.315875] Key type asymmetric registered
[   18.360414] Asymmetric key parser 'x509' registered
[   18.435640] Block layer SCSI generic (bsg) driver version 0.4 loaded (major 249)
[   18.537692] io scheduler noop registered
[   18.553153] io scheduler deadline registered (default)
[   18.642698] io scheduler cfq registered
[   18.759801] pci_hotplug: PCI Hot Plug PCI Core version: 0.5
[   18.849867] pciehp: PCI Express Hot Plug Controller Driver version: 0.4
[   18.906911] ACPI: AC Adapter [AC] (on-line)
[   18.970710] input: Power Button as /devices/LNXSYSTM:00/LNXPWRBN:00/input/input0
[   19.005675] ACPI: Power Button [PWRF]
[   19.035943] tsc: Refined TSC clocksource calibration: 1799.938 MHz
[   19.043920] clocksource: tsc: mask: 0xffffffffffffffff max_cycles: 0x19f1eefbd74, max_idle_ns: 440795266271 ns
[   19.045946] input: Sleep Button as /devices/LNXSYSTM:00/LNXSLPBN:00/input/input1
[   19.045949] ACPI: Sleep Button [SLPF]
[   19.046792] ACPI: Battery Slot [BAT0] (battery present)
[   19.046839] GHES: HEST is not enabled!
[   19.138817] Serial: 8250/16550 driver, 32 ports, IRQ sharing enabled
[   19.213965] 00:02: ttyS0 at I/O 0x3f8 (irq = 4, base_baud = 115200) is a 16550A
[   19.248263] Linux agpgart interface v0.103
[   19.250844] loop: module loaded
[   19.251381] scsi host0: ata_piix
[   19.251450] scsi host1: ata_piix
[   19.251479] ata1: PATA max UDMA/33 cmd 0x1f0 ctl 0x3f6 bmdma 0xd000 irq 14
[   19.251480] ata2: PATA max UDMA/33 cmd 0x170 ctl 0x376 bmdma 0xd008 irq 15
[   19.251547] libphy: Fixed MDIO Bus: probed
[   19.251549] tun: Universal TUN/TAP device driver, 1.6
[   19.251550] tun: (C) 1999-2004 Max Krasnyansky <maxk@qualcomm.com>
[   19.251859] PPP generic driver version 2.4.2
[   19.251906] ehci_hcd: USB 2.0 'Enhanced' Host Controller (EHCI) Driver
[   19.251909] ehci-pci: EHCI PCI platform driver
[   19.251917] ehci-platform: EHCI generic platform driver
[   19.251924] ohci_hcd: USB 1.1 'Open' Host Controller (OHCI) Driver
[   19.251927] ohci-pci: OHCI PCI platform driver
[   19.251934] ohci-platform: OHCI generic platform driver
[   19.251941] uhci_hcd: USB Universal Host Controller Interface driver
[   19.251989] i8042: PNP: PS/2 Controller [PNP0303:PS2K,PNP0f03:PS2M] at 0x60,0x64 irq 1,12
[   19.252481] serio: i8042 KBD port at 0x60,0x64 irq 1
[   19.252485] serio: i8042 AUX port at 0x60,0x64 irq 12
[   19.252571] mousedev: PS/2 mouse device common for all mice
[   19.252848] input: AT Translated Set 2 keyboard as /devices/platform/i8042/serio0/input/input2
[   19.253175] rtc_cmos rtc_cmos: rtc core: registered rtc_cmos as rtc0
[   19.253237] rtc_cmos rtc_cmos: alarms up to one day, 114 bytes nvram
[   19.253244] i2c /dev entries driver
[   19.253288] device-mapper: uevent: version 1.0.3
[   19.253335] device-mapper: ioctl: 4.34.0-ioctl (2015-10-28) initialised: dm-devel@redhat.com
[   19.253367] ledtrig-cpu: registered to indicate activity on CPUs
[   19.253864] NET: Registered protocol family 10
[   19.253996] NET: Registered protocol family 17
[   19.254006] Key type dns_resolver registered
[   19.254210] registered taskstats version 1
[   19.254222] Loading compiled-in X.509 certificates
[   19.254727] Loaded X.509 cert 'Build time autogenerated kernel key: 2b5438463a545abf193c13ead155e0657f6c69dd'
[   19.254745] zswap: loaded using pool lzo/zbud
[   19.256110] Key type trusted registered
[   19.258398] Key type encrypted registered
[   19.258402] AppArmor: AppArmor sha1 policy hashing enabled
[   19.258404] ima: No TPM chip found, activating TPM-bypass!
[   19.258407] ima: Allocated hash algorithm: sha1
[   19.258418] evm: HMAC attrs: 0x1
[   19.258725]   Magic number: 14:417:216
[   19.259623] rtc_cmos rtc_cmos: setting system clock to 2018-12-21 06:14:20 UTC (1545372860)
[   19.259699] BIOS EDD facility v0.16 2004-Jun-25, 0 devices found
[   19.259699] EDD information not available.
[   20.856765] Freeing unused kernel memory: 1528K
[   20.917743] Write protecting the kernel read-only data: 14336k
[   22.330162] Freeing unused kernel memory: 1664K
[   22.423348] Freeing unused kernel memory: 88K
Loading, please [   22.507394] random: systemd-udevd: uninitialized urandom read (16 bytes read, 9 bits of entropy available)
wait...
starting version 229
[   22.508072] random: udevadm: uninitialized urandom read (16 bytes read, 9 bits of entropy available)
[   22.508088] random: udevadm: uninitialized urandom read (16 bytes read, 9 bits of entropy available)
[   22.516164] random: udevadm: uninitialized urandom read (16 bytes read, 9 bits of entropy available)
[   22.516202] random: udevadm: uninitialized urandom read (16 bytes read, 9 bits of entropy available)
[   22.516333] random: udevadm: uninitialized urandom read (16 bytes read, 9 bits of entropy available)
[   22.516381] random: udevadm: uninitialized urandom read (16 bytes read, 9 bits of entropy available)
[   22.516427] random: udevadm: uninitialized urandom read (16 bytes read, 9 bits of entropy available)
[   22.516499] random: udevadm: uninitialized urandom read (16 bytes read, 9 bits of entropy available)
[   22.516547] random: udevadm: uninitialized urandom read (16 bytes read, 9 bits of entropy available)
[   22.846672] Fusion MPT base driver 3.04.20
[   22.892906] Copyright (c) 1999-2008 LSI Corporation
[   23.014094] Fusion MPT SPI Host driver 3.04.20
[   23.017746] mptbase: ioc0: Initiating bringup
[   23.028539] e1000: Intel(R) PRO/1000 Network Driver - version 7.3.21-k8-NAPI
[   23.030160] e1000: Copyright (c) 1999-2006 Intel Corporation.
[   23.031777] AVX2 version of gcm_enc/dec engaged.
[   23.032853] AES CTR mode by8 optimization enabled
[   23.090537] ioc0: LSI53C1030 A0: Capabilities={Initiator[   23.207791] input: ImExPS/2 Generic Explorer Mouse as /devices/platform/i8042/serio1/input/input4

[   23.295074] }
[   23.473536] scsi host2: ioc0: LSI53C1030 A0, FwRev=00000000h, Ports=1, MaxQ=256, IRQ=20
[   23.712349] scsi 2:0:0:0: Direct-Access     VBOX     HARDDISK         1.0  PQ: 0 ANSI: 5
[   23.993425] scsi target2:0:0: Beginning Domain Validation
[   24.044804] scsi target2:0:0: Domain Validation skipping write tests
[   24.069036] scsi target2:0:0: Ending Domain Validation
[   24.091802] scsi target2:0:0: asynchronous
[   24.105802] scsi 2:0:1:0: Direct-Access     VBOX     HARDDISK         1.0  PQ: 0 ANSI: 5
[   24.107804] scsi target2:0:1: Beginning Domain Validation
[   24.117495] scsi target2:0:1: Domain Validation skipping write tests
[   24.235389] scsi target2:0:1: Ending Domain Validation
[   24.354372] scsi target2:0:1: asynchronous
[   24.387608] e1000 0000:00:03.0 eth0: (PCI:33MHz:32-bit) 02:b4:5c:5b:e6:80
[   24.387612] e1000 0000:00:03.0 eth0: Intel(R) PRO/1000 Network Connection
[   24.718514] sd 2:0:0:0: Attached scsi generic sg0 type 0
[   24.745779] sd 2:0:0:0: [sda] 20971520 512-byte logical blocks: (10.7 GB/10.0 GiB)
[   24.779386] e1000 0000:00:08.0 eth1: (PCI:33MHz:32-bit) 08:00:27:da:75:c6
[   24.779388] e1000 0000:00:08.0 eth1: Intel(R) PRO/1000 Network Connection
[   24.846054] sd 2:0:1:0: Attached scsi generic sg1 type 0
[   24.846229] sd 2:0:1:0: [sdb] 20480 512-byte logical blocks: (10.5 MB/10.0 MiB)
[   24.846488] sd 2:0:1:0: [sdb] Write Protect is off
[   24.846717] sd 2:0:1:0: [sdb] Incomplete mode parameter data
[   24.846719] sd 2:0:1:0: [sdb] Assuming drive cache: write through
[   24.848113] e1000 0000:00:03.0 enp0s3: renamed from eth0
[   24.872424] sd 2:0:1:0: [sdb] Attached SCSI disk
[   24.993386] sd 2:0:0:0: [sda] Write Protect is off
[   25.000846] sd 2:0:0:0: [sda] Incomplete mode parameter data
[   25.002115] sd 2:0:0:0: [sda] Assuming drive cache: write through
[   25.006702] e1000 0000:00:08.0 enp0s8: renamed from eth1
[   25.041260]  sda: sda1
[   25.070289] sd 2:0:0:0: [sda] Attached SCSI disk
Begin: Loading e[   26.868185] md: linear personality registered for level -1
ssential drivers[   27.006675] md: multipath personality registered for level -4
 ... [   27.115860] md: raid0 personality registered for level 0
[   27.203264] md: raid1 personality registered for level 1
[   27.285649] raid6: sse2x1   gen() 11268 MB/s
[   27.438882] raid6: sse2x1   xor()  8854 MB/s
[   27.609674] raid6: sse2x2   gen() 14159 MB/s
[   27.758068] raid6: sse2x2   xor()  9962 MB/s
[   27.874181] raid6: sse2x4   gen() 16388 MB/s
[   27.965941] raid6: sse2x4   xor() 10959 MB/s
[   28.169809] raid6: avx2x1   gen() 23233 MB/s
[   28.274196] raid6: avx2x2   gen() 26503 MB/s
[   28.389881] raid6: avx2x4   gen() 28408 MB/s
[   28.411321] raid6: using algorithm avx2x4 gen() 28408 MB/s
[   28.478812] raid6: using avx2x2 recovery algorithm
[   28.592026] xor: automatically using best checksumming function:
[   28.730023]    avx       : 26191.000 MB/sec
[   28.795686] async_tx: api initialized (async)
[   28.913615] md: raid6 personality registered for level 6
[   29.073194] md: raid5 personality registered for level 5
[   29.207824] md: raid4 personality registered for level 4
[   29.326549] md: raid10 personality registered for level 10
done.
Begin: Running /scripts/init-premount ... done.
Begin: Mounting root file system ... Begin: Running /scripts/local-top ... done.
Begin: Running /scripts/local-premount ... [   29.461178] Btrfs loaded
Scanning for Btrfs filesystems
done.
Warning: fsck not present, so skipping root file system
[   29.660958] EXT4-fs (sda1): mounted filesystem with ordered data mode. Opts: (null)
done.
Begin: Running /scripts/local-bottom ... done.
Begin: Running /scripts/init-bottom ... [   31.699319] random: nonblocking pool is initialized
done.
[   33.829704] systemd[1]: systemd 229 running in system mode. (+PAM +AUDIT +SELINUX +IMA +APPARMOR +SMACK +SYSVINIT +UTMP +LIBCRYPTSETUP +GCRYPT +GNUTLS +ACL +XZ -LZ4 +SECCOMP +BLKID +ELFUTILS +KMOD -IDN)
[   34.069393] systemd[1]: Detected virtualization oracle.
[   34.076407] systemd[1]: Detected architecture x86-64.

Welcome to [1mUbuntu 16.04.5 LTS[0m!

[   34.333688] systemd[1]: Set hostname to <ubuntu-xenial>.
[   35.881038] systemd[1]: Reached target Encrypted Volumes.
[[0;32m  OK  [0m] Reached target Encrypted Volumes.
[   35.889927] systemd[1]: Listening on Journal Audit Socket.
[[0;32m  OK  [0m] Listening on Journal Audit Socket.
[   35.994765] systemd[1]: Created slice User and Session Slice.
[[0;32m  OK  [0m] Created slice User and Session Slice.
[   36.082532] systemd[1]: Listening on Journal Socket.
[[0;32m  OK  [0m] Listening on Journal Socket.
[   36.170512] systemd[1]: Reached target User and Group Name Lookups.
[[0;32m  OK  [0m] Reached target User and Group Name Lookups.
[   36.344175] systemd[1]: Reached target System Time Synchronized.
[[0;32m  OK  [0m] Reached target System Time Synchronized.
[   36.425934] systemd[1]: Listening on LVM2 metadata daemon socket.
[[0;32m  OK  [0m] Listening on LVM2 metadata daemon socket.
[   36.490277] systemd[1]: Listening on udev Kernel Socket.
[[0;32m  OK  [0m] Listening on udev Kernel Socket.
[   36.662126] systemd[1]: Listening on udev Control Socket.
[[0;32m  OK  [0m] Listening on udev Control Socket.
[   36.818306] systemd[1]: Listening on Device-mapper event daemon FIFOs.
[[0;32m  OK  [0m] Listening on Device-mapper event daemon FIFOs.
[   36.886531] systemd[1]: Reached target Swap.
[[0;32m  OK  [0m] Reached target Swap.
[   36.962795] systemd[1]: Created slice System Slice.
[[0;32m  OK  [0m] Created slice System Slice.
[   37.073763] systemd[1]: Starting Nameserver information manager...
         Starting Nameserver information manager...
[   37.189735] systemd[1]: Mounting Debug File System...
         Mounting Debug File System...
[   37.322624] systemd[1]: Starting Remount Root and Kernel File Systems...
[   37.382158] EXT4-fs (sda1): re-mounted. Opts: (null)
         Starting Remount Root and Kernel File Systems...
[   37.490461] systemd[1]: Starting Monitoring of LVM2 mirrors, snapshots etc. using dmeventd or progress polling...
         Starting Monitoring of LVM2 mirrors... dmeventd or progress polling...
[   37.638390] systemd[1]: Starting Set console keymap...
         Starting Set console keymap...
[   37.665866] systemd[1]: Listening on Syslog Socket.
[[0;32m  OK  [0m] Listening on Syslog Socket.
[   37.810382] systemd[1]: Starting Uncomplicated firewall...
         Starting Uncomplicated firewall...
[   37.862804] systemd[1]: Listening on Journal Socket (/dev/log).
[[0;32m  OK  [0m] Listening on Journal Socket (/dev/log).
[   38.062163] systemd[1]: Starting Journal Service...
         Starting Journal Service...
[   38.150348] systemd[1]: Mounting POSIX Message Queue File System...
         Mounting POSIX Message Queue File System...
[   38.238542] systemd[1]: Started Trigger resolvconf update for networkd DNS.
[[0;32m  OK  [0m] Started Trigger resolvconf update for networkd DNS.
[   38.322203] systemd[1]: Listening on /dev/initctl Compatibility Named Pipe.
[[0;32m  OK  [0m] Listening on /dev/initctl Compatibility Named Pipe.
[   38.517782] systemd[1]: Starting Create list of required static device nodes for the current kernel...
         Starting Create list of required st... nodes for the current kernel...
[   38.654825] systemd[1]: Set up automount Arbitrary Executable File Formats File System Automount Point.
[[0;32m  OK  [0m] Set up automount Arbitrary Executab...ats File System Automount Point.
[   38.854638] systemd[1]: Mounting Huge Pages File System...
         Mounting Huge Pages File System...
[   39.030484] systemd[1]: Listening on LVM2 poll daemon socket.
[[0;32m  OK  [0m] Listening on LVM2 poll daemon socket.
[   39.185979] systemd[1]: Started Forward Password Requests to Wall Directory Watch.
[[0;32m  OK  [0m] Started Forward Password Requests to Wall Directory Watch.
[   39.450370] systemd[1]: Starting Load Kernel Modules...
         Starting Load Kernel Modules...
[   39.534010] systemd[1]: Reached target Slices.
[   39.599993] Loading iSCSI transport class v2.0-87

[[0;32m  OK  [0m] Reached target Slices.
[   39.686335] systemd[1]: Created slice system-serial\x2dgetty.slice.
[[0;32m  OK  [0m] Created slice system-serial\x2dgetty.slice.
[   39.717025] iscsi: registered transport (tcp)
[   39.727259] systemd[1]: Mounted Debug File System.
[[0;32m  OK  [0m] Mounted Debug File System.
[   39.785946] systemd[1]: Mounted POSIX Message Queue File System.
[[0;32m  OK  [0m] Mounted POSIX Message Queue [   39.903391] iscsi: registered transport (iser)
File System.
[   40.928500] systemd[1]: Mounted Huge Pages File System.
[[0;32m  OK  [0m] Mounted Huge Pages File System.
[   41.085377] systemd[1]: Started Journal Service.
[[0;32m  OK  [0m] Started Journal Service.
[[0;32m  OK  [0m] Started Remount Root and Kernel File Systems.
[[0;32m  OK  [0m] Started Set console keymap.
[[0;32m  OK  [0m] Started Uncomplicated firewall.
[[0;32m  OK  [0m] Started Create list of required sta...ce nodes for the current kernel.
[[0;32m  OK  [0m] Started Load Kernel Modules.
[[0;32m  OK  [0m] Started Nameserver information manager.
[[0;32m  OK  [0m] Started LVM2 metadata daemon.
         Starting Apply Kernel Variables...
         Mounting FUSE Control File System...
         Starting Create Static Device Nodes in /dev...
         Starting udev Coldplug all Devices...
         Starting Load/Save Random Seed...
         Starting Flush Journal to Persistent Storage...
[[0;32m  OK  [0m] Mounted FUSE Control File System.
[[0;32m  OK  [0m] Started Apply Kernel Variables.
[[0;32m  OK  [0m] Started Create Static Device Nodes in /dev.
[[0;32m  OK  [0m] Started Load/Save Random Seed.
[[0;32m  OK  [0m] Started udev Coldplug all Devices.
[[0;32m  OK  [0m] Started Monitoring of LVM2 mirrors,...ng dmeventd or progress polling.
[[0;32m  OK  [0m] Reached target Local File Systems (Pre).
[[0;32m  OK  [0m] Reached target Local File Systems.
         Starting LSB: AppArmor initialization...
         Starting Initial cloud-init job (pre-networking)...
         Starting Tell Plymouth To Write Out Runtime Data...
         Starting Set console font and keymap...
         Starting udev Kernel Device Manager...
[[0;32m  OK  [0m] Started Flush Journal to Persistent Storage.
[[0;32m  OK  [0m] Started Tell Plymouth To Write Out Runtime Data.
         Starting Create Volatile Files and Directories...
[[0;32m  OK  [0m] Started udev Kernel Device Manager.
[[0;32m  OK  [0m] Started Dispatch Password Requests to Console Directory Watch.
[[0;32m  OK  [0m] Started Set console font and keymap.
[[0;32m  OK  [0m] Created slice system-getty.slice.
[[0;32m  OK  [0m] Found device /dev/ttyS0.
[[0;32m  OK  [0m] Started Create Volatile Files and Directories.
         Starting Update UTMP about System Boot/Shutdown...
[[0;32m  OK  [0m] Listening on Load/Save RF Kill Switch Status /dev/rfkill Watch.
[[0;32m  OK  [0m] Found device 82540EM Gigabit Ethern...r (PRO/1000 MT Desktop Adapter).
[[0;32m  OK  [0m] Started Update UTMP about System Boot/Shutdown.
[[0;32m  OK  [0m] Started LSB: AppArmor initialization.
[   32.939410] cloud-init[469]: Cloud-init v. 18.4-0ubuntu1~16.04.2 running 'init-local' at Fri, 21 Dec 2018 06:14:48 +0000. Up 32.14 seconds.
[[0;32m  OK  [0m] Started Initial cloud-init job (pre-networking).
[[0;32m  OK  [0m] Reached target Network (Pre).
         Starting Raise network interfaces...
[[0;32m  OK  [0m] Started ifup for enp0s3.
[[0;32m  OK  [0m] Started Raise network interfaces.
[[0;32m  OK  [0m] Reached target Network.
         Starting Initial cloud-init job (metadata service crawler)...
[   36.518277] cloud-init[978]: Cloud-init v. 18.4-0ubuntu1~16.04.2 running 'init' at Fri, 21 Dec 2018 06:14:50 +0000. Up 34.20 seconds.
[   36.668406] [cloud-init[0;32m  OK  [0m[978]: ] ci-info: ++++++++++++++++++++++++++++++++++++++Net device info+++++++++++++++++++++++++++++++++++++++Started Initial cloud-init job (metadata service crawler).

[   36.669093] cloud-init[978]: ci-info: +--------+-------+----------------------------+---------------+--------+-------------------+
[   37.020309] [cloud-init[0;32m  OK  [0m[978]: ] ci-info: | Device |   Up  |          Address           |      Mask     | Scope  |     Hw-Address    |Reached target Network is Online.

[   37.020895] cloud-init[978]: ci-info: +--------+-------+----------------------------+---------------+--------+-------------------+
[   37.310540]          cloud-initStarting iSCSI initiator daemon (iscsid)...[978]: 
ci-info: | enp0s3 |  True |         10.0.2.15          | 255.255.255.0 | global | 02:b4:5c:5b:e6:80 |
[   37.517208] [cloud-init[0;32m  OK  [0m[978]: ] ci-info: | enp0s3 |  True | fe80::b4:5cff:fe5b:e680/64 |       .       |  link  | 02:b4:5c:5b:e6:80 |Reached target Cloud-config availability.

[   37.724922] [cloud-init[0;32m  OK  [0m[978]: ] ci-info: | enp0s8 | False |             .              |       .       |   .    | 08:00:27:da:75:c6 |Reached target System Initialization.

[[0;32m  OK  [0m] Listening on UUID daemon activation socket.
[[0;32m  OK  [0m] Started Daily Cleanup of Temporary Directories.
[   37.725511] cloud-init[978]: ci-info: |   lo   |  True |         127.0.0.1          |   255.0.0.0   |  host  |         .         |
[   38.151202] [cloud-init[0;32m  OK  [0m[978]: ] ci-info: |   lo   |  True |          ::1/128           |       .       |  host  |         .         |Started ACPI Events Check.

[[0;32m  OK  [0m] Reached target Paths.
[   38.151822] cloud-init[978]: ci-info: +--------+-------+----------------------------+---------------+--------+-------------------+
[   38.408809]          cloud-initStarting LXD - unix socket.[978]: 
ci-info: +++++++++++++++++++++++++++Route IPv4 info++++++++++++++++++++++++++++
[   38.585283] [cloud-init[0;32m  OK  [0m[978]: ] ci-info: +-------+-------------+----------+---------------+-----------+-------+Listening on ACPID Listen Socket.

[   38.585899] cloud-init[978]: ci-info: | Route | Destination | Gateway  |    Genmask    | Interface | Flags |
[   38.840886] [cloud-init[0;32m  OK  [0m[978]: ] ci-info: +-------+-------------+----------+---------------+-----------+-------+Started Daily apt download activities.

[[0;32m  OK  [0m] Started Daily apt upgrade and clean activities.
[[0;32m  OK  [0m] Reached target Timers.
[   38.841565] cloud-init[978]: ci-info: |   0   |   0.0.0.0   | 10.0.2.2 |    0.0.0.0    |   enp0s3  |   UG  |
[   39.244894] [cloud-init[0;32m  OK  [0m[978]: ] ci-info: |   1   |   10.0.2.0  | 0.0.0.0  | 255.255.255.0 |   enp0s3  |   U   |Listening on D-Bus System Message Bus Socket.

         Starting Socket activation for snappy daemon.
[   39.245729] cloud-init[978]: ci-info: +-------+-------------+----------+---------------+-----------+-------+
[[0;32m  OK  [0m] Listening on LXD - unix socket.
[[0;32m  OK  [0m] Listening on Socket activation for snappy daemon.
[[0;32m  OK  [0m] Started iSCSI initiator daemon (iscsid).
[   39.673038] cloud-init[978]: ci-info: +++++++++++++++++++Route IPv6 info+++++++++++++++++++
[   39.957235]          cloud-initStarting Login to default iSCSI targets...[978]: 
ci-info: +-------+-------------+---------+-----------+-------+
[   40.108609] [cloud-init[0;32m  OK  [0m[978]: ] ci-info: | Route | Destination | Gateway | Interface | Flags |Reached target Sockets.

[[0;32m  OK  [0m] Reached target Basic System.
[   40.109259] cloud-init[978]: ci-info: +-------+-------------+---------+-----------+-------+
[   40.332208] [[0;32m  OK  [0m] Started Regular background program processing daemon.
cloud-init[978]: ci-info: |   0   |  fe80::/64  |    ::   |   enp0s3  |   U   |
         Starting LXD - container startup/shutdown...
[   40.419845] cloud-init[978]: ci-info: |   3   |   ff00::/8  |    ::   |   enp0s3  |   U   |
[   40.452828]          cloud-initStarting Accounts Service...[978]: 
ci-info: +-------+-------------+---------+-----------+-------+
         Starting Virtualbox guest utils...
         Starting OpenBSD Secure Shell server...
         Starting System Logging Service...
[[0;32m  OK  [0m] Started ACPI event daemon.
         Starting LSB: Record successful boot for GRUB...
[[0;32m  OK  [0m] Started FUSE filesystem for LXC.
         Starting Snappy daemon...
[[0;32m  OK  [0m] Started Deferred execution scheduler.
[[0;32m  OK  [0m] Started D-Bus System Message Bus.
[[0;32m  OK  [0m] Started Unattended Upgrades Shutdown.
         Starting LSB: MD monitoring daemon...
         Starting Login Service...
         Starting /etc/rc.local Compatibility...
[[0;32m  OK  [0m] Started System Logging Service.
[[0;32m  OK  [0m] Started /etc/rc.local Compatibility.
[[0;32m  OK  [0m] Started Login Service.
[[0;32m  OK  [0m] Started Login to default iSCSI targets.
[[0;32m  OK  [0m] Reached target Remote File Systems (Pre).
[[0;32m  OK  [0m] Reached target Remote File Systems.
         Starting LSB: Set the CPU Frequency Scaling governor to "ondemand"...
         Starting Permit User Sessions...
         Starting LSB: daemon to balance interrupts for SMP systems...
         Starting LSB: automatic crash report generation...
         Starting Authenticate and Authorize Users to Run Privileged Tasks...
[[0;32m  OK  [0m] Started Permit User Sessions.
[[0;32m  OK  [0m] Started LSB: Record successful boot for GRUB.
[[0;32m  OK  [0m] Started LSB: MD monitoring daemon.
[[0;32m  OK  [0m] Started LSB: Set the CPU Frequency Scaling governor to "ondemand".
         Starting Terminate Plymouth Boot Screen...
         Starting Hold until boot process finishes up...
[[0;32m  OK  [0m] Started Terminate Plymouth Boot Screen.
[[0;32m  OK  [0m] Started Hold until boot process finishes up.
[[0;32m  OK  [0m] Started Getty on tty1.
[[0;32m  OK  [0m] Started Serial Getty on ttyS0.
[[0;32m  OK  [0m] Reached target Login Prompts.
         Starting Set console scheme...
[[0;32m  OK  [0m] Started LSB: daemon to balance interrupts for SMP systems.
[[0;32m  OK  [0m] Started LSB: automatic crash report generation.
[[0;32m  OK  [0m] Started Set console scheme.
[[0;32m  OK  [0m] Started OpenBSD Secure Shell server.
[[0;32m  OK  [0m] Started Authenticate and Authorize Users to Run Privileged Tasks.
[[0;32m  OK  [0m] Started Virtualbox guest utils.
[[0;32m  OK  [0m] Started Accounts Service.
[[0;32m  OK  [0m] Started LXD - container startup/shutdown.
[[0;32m  OK  [0m] Started Snappy daemon.
         Starting Wait until snapd is fully seeded...
[[0;32m  OK  [0m] Started Wait until snapd is fully seeded.
         Starting Apply the settings specified in cloud-config...
[[0;32m  OK  [0m] Reached target Multi-User System.
[[0;32m  OK  [0m] Reached target Graphical Interface.
         Starting Update UTMP about System Runlevel Changes...
[[0;32m  OK  [0m] Started Update UTMP about System Runlevel Changes.
[[0;32m  OK  [0m] Created slice User Slice of vagrant.
         Starting User Manager for UID 1000...
[[0;32m  OK  [0m] Started Session 1 of user vagrant.
[   45.436959] cloud-init[1218]: Cloud-init v. 18.4-0ubuntu1~16.04.2 running 'modules:config' at Fri, 21 Dec 2018 06:15:01 +0000. Up 45.14 seconds.
[[0;32m  OK  [0m] Started User Manager for UID 1000.
[[0;32m  OK  [0m] Started Apply the settings specified in cloud-config.
         Starting Execute cloud user/final scripts...
[   46.234738] cloud-init[1253]: Cloud-init v. 18.4-0ubuntu1~16.04.2 running 'modules:final' at Fri, 21 Dec 2018 06:15:02 +0000. Up 46.05 seconds.
[   46.320792] cloud-init[1253]: Cloud-init v. 18.4-0ubuntu1~16.04.2 finished at Fri, 21 Dec 2018 06:15:02 +0000. Datasource DataSourceNoCloud [seed=/dev/sdb][dsmode=net].  Up 46.22 seconds
[[0;32m  OK  [0m] Started Execute cloud user/final scripts.
[[0;32m  OK  [0m] Reached target Cloud-init target.

Ubuntu 16.04.5 LTS ubuntu-xenial ttyS0

ubuntu-xenial login: 