[    0.000000] Initializing cgroup subsys cpuset
[    0.000000] Initializing cgroup subsys cpu
[    0.000000] Initializing cgroup subsys cpuacct
[    0.000000] Linux version 4.4.0-146-generic (buildd@lcy01-amd64-025) (gcc version 5.4.0 20160609 (Ubuntu 5.4.0-6ubuntu1~16.04.10) ) #172-Ubuntu SMP Wed Apr 3 09:00:08 UTC 2019 (Ubuntu 4.4.0-146.172-generic 4.4.177)
[    0.000000] Command line: BOOT_IMAGE=/boot/vmlinuz-4.4.0-146-generic root=LABEL=cloudimg-rootfs ro console=tty1 console=ttyS0
[    0.000000] KERNEL supported cpus:
[    0.000000]   Intel GenuineIntel
[    0.000000]   AMD AuthenticAMD
[    0.000000]   Centaur CentaurHauls
[    0.000000] x86/fpu: xstate_offset[2]:  576, xstate_sizes[2]:  256
[    0.000000] x86/fpu: Supporting XSAVE feature 0x01: 'x87 floating point registers'
[    0.000000] x86/fpu: Supporting XSAVE feature 0x02: 'SSE registers'
[    0.000000] x86/fpu: Supporting XSAVE feature 0x04: 'AVX registers'
[    0.000000] x86/fpu: Enabled xstate features 0x7, context size is 832 bytes, using 'standard' format.
[    0.000000] e820: BIOS-provided physical RAM map:
[    0.000000] BIOS-e820: [mem 0x0000000000000000-0x000000000009fbff] usable
[    0.000000] BIOS-e820: [mem 0x000000000009fc00-0x000000000009ffff] reserved
[    0.000000] BIOS-e820: [mem 0x00000000000f0000-0x00000000000fffff] reserved
[    0.000000] BIOS-e820: [mem 0x0000000000100000-0x000000003ffeffff] usable
[    0.000000] BIOS-e820: [mem 0x000000003fff0000-0x000000003fffffff] ACPI data
[    0.000000] BIOS-e820: [mem 0x00000000fec00000-0x00000000fec00fff] reserved
[    0.000000] BIOS-e820: [mem 0x00000000fee00000-0x00000000fee00fff] reserved
[    0.000000] BIOS-e820: [mem 0x00000000fffc0000-0x00000000ffffffff] reserved
[    0.000000] NX (Execute Disable) protection: active
[    0.000000] SMBIOS 2.5 present.
[    0.000000] Hypervisor detected: KVM
[    0.000000] e820: last_pfn = 0x3fff0 max_arch_pfn = 0x400000000
[    0.000000] MTRR: Disabled
[    0.000000] x86/PAT: MTRRs disabled, skipping PAT initialization too.
[    0.000000] CPU MTRRs all blank - virtualized system.
[    0.000000] x86/PAT: Configuration [0-7]: WB  WT  UC- UC  WB  WT  UC- UC  
[    0.000000] found SMP MP-table at [mem 0x0009fff0-0x0009ffff] mapped at [ffff88000009fff0]
[    0.000000] Scanning 1 areas for low memory corruption
[    0.000000] RAMDISK: [mem 0x362fa000-0x37174fff]
[    0.000000] ACPI: Early table checksum verification disabled
[    0.000000] ACPI: RSDP 0x00000000000E0000 000024 (v02 VBOX  )
[    0.000000] ACPI: XSDT 0x000000003FFF0030 00003C (v01 VBOX   VBOXXSDT 00000001 ASL  00000061)
[    0.000000] ACPI: FACP 0x000000003FFF00F0 0000F4 (v04 VBOX   VBOXFACP 00000001 ASL  00000061)
[    0.000000] ACPI: DSDT 0x000000003FFF0470 0022EA (v02 VBOX   VBOXBIOS 00000002 INTL 20100528)
[    0.000000] ACPI: FACS 0x000000003FFF0200 000040
[    0.000000] ACPI: FACS 0x000000003FFF0200 000040
[    0.000000] ACPI: APIC 0x000000003FFF0240 00005C (v02 VBOX   VBOXAPIC 00000001 ASL  00000061)
[    0.000000] ACPI: SSDT 0x000000003FFF02A0 0001CC (v01 VBOX   VBOXCPUT 00000002 INTL 20100528)
[    0.000000] No NUMA configuration found
[    0.000000] Faking a node at [mem 0x0000000000000000-0x000000003ffeffff]
[    0.000000] NODE_DATA(0) allocated [mem 0x3ffeb000-0x3ffeffff]
[    0.000000] kvm-clock: Using msrs 4b564d01 and 4b564d00
[    0.000000] kvm-clock: cpu 0, msr 0:3ffe3001, primary cpu clock
[    0.000000] kvm-clock: using sched offset of 5307020639 cycles
[    0.000000] clocksource: kvm-clock: mask: 0xffffffffffffffff max_cycles: 0x1cd42e4dffb, max_idle_ns: 881590591483 ns
[    0.000000] Zone ranges:
[    0.000000]   DMA      [mem 0x0000000000001000-0x0000000000ffffff]
[    0.000000]   DMA32    [mem 0x0000000001000000-0x000000003ffeffff]
[    0.000000]   Normal   empty
[    0.000000]   Device   empty
[    0.000000] Movable zone start for each node
[    0.000000] Early memory node ranges
[    0.000000]   node   0: [mem 0x0000000000001000-0x000000000009efff]
[    0.000000]   node   0: [mem 0x0000000000100000-0x000000003ffeffff]
[    0.000000] Initmem setup node 0 [mem 0x0000000000001000-0x000000003ffeffff]
[    0.000000] ACPI: PM-Timer IO Port: 0x4008
[    0.000000] IOAPIC[0]: apic_id 2, version 32, address 0xfec00000, GSI 0-23
[    0.000000] ACPI: INT_SRC_OVR (bus 0 bus_irq 0 global_irq 2 dfl dfl)
[    0.000000] ACPI: INT_SRC_OVR (bus 0 bus_irq 9 global_irq 9 low level)
[    0.000000] Using ACPI (MADT) for SMP configuration information
[    0.000000] smpboot: Allowing 2 CPUs, 0 hotplug CPUs
[    0.000000] PM: Registered nosave memory: [mem 0x00000000-0x00000fff]
[    0.000000] PM: Registered nosave memory: [mem 0x0009f000-0x0009ffff]
[    0.000000] PM: Registered nosave memory: [mem 0x000a0000-0x000effff]
[    0.000000] PM: Registered nosave memory: [mem 0x000f0000-0x000fffff]
[    0.000000] e820: [mem 0x40000000-0xfebfffff] available for PCI devices
[    0.000000] Booting paravirtualized kernel on KVM
[    0.000000] clocksource: refined-jiffies: mask: 0xffffffff max_cycles: 0xffffffff, max_idle_ns: 7645519600211568 ns
[    0.000000] setup_percpu: NR_CPUS:512 nr_cpumask_bits:512 nr_cpu_ids:2 nr_node_ids:1
[    0.000000] PERCPU: Embedded 34 pages/cpu @ffff88003fc00000 s99480 r8192 d31592 u1048576
[    0.000000] Built 1 zonelists in Node order, mobility grouping on.  Total pages: 257912
[    0.000000] Policy zone: DMA32
[    0.000000] Kernel command line: BOOT_IMAGE=/boot/vmlinuz-4.4.0-146-generic root=LABEL=cloudimg-rootfs ro console=tty1 console=ttyS0
[    0.000000] PID hash table entries: 4096 (order: 3, 32768 bytes)
[    0.000000] Memory: 997732K/1048120K available (8609K kernel code, 1334K rwdata, 4028K rodata, 1484K init, 1284K bss, 50388K reserved, 0K cma-reserved)
[    0.000000] SLUB: HWalign=64, Order=0-3, MinObjects=0, CPUs=2, Nodes=1
[    0.000000] Kernel/User page tables isolation: enabled
[    0.000000] Hierarchical RCU implementation.
[    0.000000] 	Build-time adjustment of leaf fanout to 64.
[    0.000000] 	RCU restricting CPUs from NR_CPUS=512 to nr_cpu_ids=2.
[    0.000000] RCU: Adjusting geometry for rcu_fanout_leaf=64, nr_cpu_ids=2
[    0.000000] NR_IRQS:33024 nr_irqs:440 16
[    0.000000] Console: colour VGA+ 80x25
[    0.000000] console [tty1] enabled
[    0.000000] console [ttyS0] enabled
[    0.000000] tsc: Detected 1799.997 MHz processor
[    0.419524] Calibrating delay loop (skipped) preset value.. 3599.99 BogoMIPS (lpj=7199988)
[    0.424814] pid_max: default: 32768 minimum: 301
[    0.429050] ACPI: Core revision 20150930
[    0.436554] ACPI: 2 ACPI AML tables successfully acquired and loaded
[    0.440163] Security Framework initialized
[    0.442564] Yama: becoming mindful.
[    0.444668] AppArmor: AppArmor initialized
[    0.447260] Dentry cache hash table entries: 131072 (order: 8, 1048576 bytes)
[    0.457620] Inode-cache hash table entries: 65536 (order: 7, 524288 bytes)
[    0.461573] Mount-cache hash table entries: 2048 (order: 2, 16384 bytes)
[    0.465311] Mountpoint-cache hash table entries: 2048 (order: 2, 16384 bytes)
[    0.469811] Initializing cgroup subsys io
[    0.472092] Initializing cgroup subsys memory
[    0.474447] Initializing cgroup subsys devices
[    0.476960] Initializing cgroup subsys freezer
[    0.479442] Initializing cgroup subsys net_cls
[    0.481736] Initializing cgroup subsys perf_event
[    0.484267] Initializing cgroup subsys net_prio
[    0.487011] Initializing cgroup subsys hugetlb
[    0.489402] Initializing cgroup subsys pids
[    0.494361] mce: CPU supports 0 MCE banks
[    0.496711] Last level iTLB entries: 4KB 64, 2MB 8, 4MB 8
[    0.499387] Last level dTLB entries: 4KB 64, 2MB 0, 4MB 0, 1GB 4
[    0.502567] Spectre V2 : Mitigation: Full generic retpoline
[    0.505585] Spectre V2 : Spectre v2 / SpectreRSB mitigation: Filling RSB on context switch
[    0.510371] Speculative Store Bypass: Vulnerable
[    0.520512] Freeing SMP alternatives memory: 36K
[    0.538540] ftrace: allocating 32287 entries in 127 pages
[    0.699201] smpboot: APIC(0) Converting physical 0 to logical package 0
[    0.702877] smpboot: Max logical packages: 1
[    0.706360] x2apic enabled
[    0.708873] Switched APIC routing to physical x2apic.
[    0.715546] ..TIMER: vector=0x30 apic1=0 pin1=2 apic2=-1 pin2=-1
[    0.825387] smpboot: CPU0: Intel(R) Core(TM) i5-8250U CPU @ 1.60GHz (family: 0x6, model: 0x8e, stepping: 0xa)
[    0.831852] Performance Events: unsupported p6 CPU model 142 no PMU driver, software events only.
[    0.864675] KVM setup paravirtual spinlock
[    0.868694] x86: Booting SMP configuration:
[    0.871098] .... node  #0, CPUs:      #1
[    0.873696] kvm-clock: cpu 1, msr 0:3ffe3041, secondary cpu clock
[    0.878096] mce: CPU supports 0 MCE banks
[    0.881323] x86: Booted up 1 node, 2 CPUs
[    0.884511] smpboot: Total of 2 processors activated (7199.98 BogoMIPS)
[    0.889039] devtmpfs: initialized
[    0.894053] evm: security.selinux
[    0.896020] evm: security.SMACK64
[    0.898375] evm: security.SMACK64EXEC
[    0.900533] evm: security.SMACK64TRANSMUTE
[    0.902815] evm: security.SMACK64MMAP
[    0.904900] evm: security.ima
[    0.906725] evm: security.capability
[    0.909292] clocksource: jiffies: mask: 0xffffffff max_cycles: 0xffffffff, max_idle_ns: 7645041785100000 ns
[    0.914222] futex hash table entries: 512 (order: 3, 32768 bytes)
[    0.917975] pinctrl core: initialized pinctrl subsystem
[    0.921357] RTC time: 19:02:43, date: 06/18/19
[    0.924507] NET: Registered protocol family 16
[    0.938022] cpuidle: using governor ladder
[    0.949661] cpuidle: using governor menu
[    0.952339] PCCT header not found.
[    0.954824] ACPI: bus type PCI registered
[    0.957198] acpiphp: ACPI Hot Plug PCI Controller Driver version: 0.5
[    0.960962] PCI: Using configuration type 1 for base access
[    0.980363] ACPI: Added _OSI(Module Device)
[    0.982911] ACPI: Added _OSI(Processor Device)
[    0.985657] ACPI: Added _OSI(3.0 _SCP Extensions)
[    0.989062] ACPI: Added _OSI(Processor Aggregator Device)
[    0.993550] ACPI: Executed 1 blocks of module-level executable AML code
[    1.002547] ACPI: Interpreter enabled
[    1.004802] ACPI: (supports S0 S5)
[    1.007054] ACPI: Using IOAPIC for interrupt routing
[    1.010237] PCI: Using host bridge windows from ACPI; if necessary, use "pci=nocrs" and report a bug
[    1.025368] ACPI: PCI Root Bridge [PCI0] (domain 0000 [bus 00-ff])
[    1.028611] acpi PNP0A03:00: _OSC: OS supports [ASPM ClockPM Segments MSI]
[    1.033068] acpi PNP0A03:00: _OSC: not requesting OS control; OS requires [ExtendedConfig ASPM ClockPM MSI]
[    1.038712] acpi PNP0A03:00: fail to add MMCONFIG information, can't access extended PCI configuration space under this bridge.
[    1.045734] PCI host bridge to bus 0000:00
[    1.048264] pci_bus 0000:00: root bus resource [io  0x0000-0x0cf7 window]
[    1.051922] pci_bus 0000:00: root bus resource [io  0x0d00-0xffff window]
[    1.055593] pci_bus 0000:00: root bus resource [mem 0x000a0000-0x000bffff window]
[    1.060320] pci_bus 0000:00: root bus resource [mem 0x40000000-0xfdffffff window]
[    1.064697] pci_bus 0000:00: root bus resource [bus 00-ff]
[    1.072178] pci 0000:00:01.1: legacy IDE quirk: reg 0x10: [io  0x01f0-0x01f7]
[    1.075946] pci 0000:00:01.1: legacy IDE quirk: reg 0x14: [io  0x03f6]
[    1.079416] pci 0000:00:01.1: legacy IDE quirk: reg 0x18: [io  0x0170-0x0177]
[    1.083025] pci 0000:00:01.1: legacy IDE quirk: reg 0x1c: [io  0x0376]
[    1.117671] pci 0000:00:07.0: quirk: [io  0x4000-0x403f] claimed by PIIX4 ACPI
[    1.122282] pci 0000:00:07.0: quirk: [io  0x4100-0x410f] claimed by PIIX4 SMB
[    1.184552] ACPI: PCI Interrupt Link [LNKA] (IRQs 5 9 10 *11)
[    1.189112] ACPI: PCI Interrupt Link [LNKB] (IRQs 5 9 *10 11)
[    1.193296] ACPI: PCI Interrupt Link [LNKC] (IRQs 5 *9 10 11)
[    1.197551] ACPI: PCI Interrupt Link [LNKD] (IRQs 5 9 10 *11)
[    1.201776] ACPI: Enabled 2 GPEs in block 00 to 07
[    1.205384] vgaarb: setting as boot device: PCI:0000:00:02.0
[    1.208165] vgaarb: device added: PCI:0000:00:02.0,decodes=io+mem,owns=io+mem,locks=none
[    1.212681] vgaarb: loaded
[    1.214455] vgaarb: bridge control possible 0000:00:02.0
[    1.217814] SCSI subsystem initialized
[    1.220271] ACPI: bus type USB registered
[    1.222650] usbcore: registered new interface driver usbfs
[    1.225580] usbcore: registered new interface driver hub
[    1.228936] usbcore: registered new device driver usb
[    1.232458] PCI: Using ACPI for IRQ routing
[    1.235921] NetLabel: Initializing
[    1.238355] NetLabel:  domain hash size = 128
[    1.240956] NetLabel:  protocols = UNLABELED CIPSOv4
[    1.250228] NetLabel:  unlabeled traffic allowed by default
[    1.254131] amd_nb: Cannot enumerate AMD northbridges
[    1.257510] clocksource: Switched to clocksource kvm-clock
[    1.285681] AppArmor: AppArmor Filesystem Enabled
[    1.288427] pnp: PnP ACPI init
[    1.292428] pnp: PnP ACPI: found 3 devices
[    1.313970] clocksource: acpi_pm: mask: 0xffffff max_cycles: 0xffffff, max_idle_ns: 2085701024 ns
[    1.319499] NET: Registered protocol family 2
[    1.322666] TCP established hash table entries: 8192 (order: 4, 65536 bytes)
[    1.326746] TCP bind hash table entries: 8192 (order: 5, 131072 bytes)
[    1.330446] TCP: Hash tables configured (established 8192 bind 8192)
[    1.334783] UDP hash table entries: 512 (order: 2, 16384 bytes)
[    1.338060] UDP-Lite hash table entries: 512 (order: 2, 16384 bytes)
[    1.342376] NET: Registered protocol family 1
[    1.345627] pci 0000:00:00.0: Limiting direct PCI/PCI transfers
[    1.349012] pci 0000:00:01.0: Activating ISA DMA hang workarounds
[    1.352350] Unpacking initramfs...
[    1.914927] Freeing initrd memory: 14828K
[    1.917847] platform rtc_cmos: registered platform RTC device (no PNP device found)
[    1.922594] Scanning for low memory corruption every 60 seconds
[    1.926884] audit: initializing netlink subsys (disabled)
[    1.929904] audit: type=2000 audit(1560884570.057:1): initialized
[    1.934046] Initialise system trusted keyring
[    1.937645] HugeTLB registered 2 MB page size, pre-allocated 0 pages
[    1.944328] zbud: loaded
[    1.947247] VFS: Disk quotas dquot_6.6.0
[    1.949909] VFS: Dquot-cache hash table entries: 512 (order 0, 4096 bytes)
[    1.954375] squashfs: version 4.0 (2009/01/31) Phillip Lougher
[    1.959060] fuse init (API version 7.23)
[    1.961921] Key type big_key registered
[    1.964384] Allocating IMA MOK and blacklist keyrings.
[    1.972154] Key type asymmetric registered
[    1.974745] Asymmetric key parser 'x509' registered
[    1.977498] Block layer SCSI generic (bsg) driver version 0.4 loaded (major 249)
[    1.982104] io scheduler noop registered
[    1.984367] io scheduler deadline registered (default)
[    1.987361] io scheduler cfq registered
[    1.990032] pci_hotplug: PCI Hot Plug PCI Core version: 0.5
[    1.992967] pciehp: PCI Express Hot Plug Controller Driver version: 0.4
[    1.996623] ACPI: AC Adapter [AC] (off-line)
[    1.999027] input: Power Button as /devices/LNXSYSTM:00/LNXPWRBN:00/input/input0
[    2.003352] ACPI: Power Button [PWRF]
[    2.006020] input: Sleep Button as /devices/LNXSYSTM:00/LNXSLPBN:00/input/input1
[    2.010166] ACPI: Sleep Button [SLPF]
[    2.013798] GHES: HEST is not enabled!
[    2.014557] ACPI: Battery Slot [BAT0] (battery present)
[    2.019255] Serial: 8250/16550 driver, 32 ports, IRQ sharing enabled
[    2.044079] 00:02: ttyS0 at I/O 0x3f8 (irq = 4, base_baud = 115200) is a 16550A
[    2.059592] Linux agpgart interface v0.103
[    2.068660] loop: module loaded
[    2.072392] scsi host0: ata_piix
[    2.075238] scsi host1: ata_piix
[    2.077285] ata1: PATA max UDMA/33 cmd 0x1f0 ctl 0x3f6 bmdma 0xd000 irq 14
[    2.080641] ata2: PATA max UDMA/33 cmd 0x170 ctl 0x376 bmdma 0xd008 irq 15
[    2.084318] libphy: Fixed MDIO Bus: probed
[    2.087135] tun: Universal TUN/TAP device driver, 1.6
[    2.089810] tun: (C) 1999-2004 Max Krasnyansky <maxk@qualcomm.com>
[    2.094293] PPP generic driver version 2.4.2
[    2.097140] ehci_hcd: USB 2.0 'Enhanced' Host Controller (EHCI) Driver
[    2.100586] ehci-pci: EHCI PCI platform driver
[    2.103060] ehci-platform: EHCI generic platform driver
[    2.105869] ohci_hcd: USB 1.1 'Open' Host Controller (OHCI) Driver
[    2.109189] ohci-pci: OHCI PCI platform driver
[    2.111675] ohci-platform: OHCI generic platform driver
[    2.114380] uhci_hcd: USB Universal Host Controller Interface driver
[    2.117938] i8042: PNP: PS/2 Controller [PNP0303:PS2K,PNP0f03:PS2M] at 0x60,0x64 irq 1,12
[    2.123518] serio: i8042 KBD port at 0x60,0x64 irq 1
[    2.126589] serio: i8042 AUX port at 0x60,0x64 irq 12
[    2.130213] mousedev: PS/2 mouse device common for all mice
[    2.134467] input: AT Translated Set 2 keyboard as /devices/platform/i8042/serio0/input/input2
[    2.140960] rtc_cmos rtc_cmos: rtc core: registered rtc_cmos as rtc0
[    2.144609] rtc_cmos rtc_cmos: alarms up to one day, 114 bytes nvram
[    2.148281] i2c /dev entries driver
[    2.150699] device-mapper: uevent: version 1.0.3
[    2.153610] device-mapper: ioctl: 4.34.0-ioctl (2015-10-28) initialised: dm-devel@redhat.com
[    2.159024] ledtrig-cpu: registered to indicate activity on CPUs
[    2.164120] NET: Registered protocol family 10
[    2.167748] NET: Registered protocol family 17
[    2.170326] Key type dns_resolver registered
[    2.174770] registered taskstats version 1
[    2.177348] Loading compiled-in X.509 certificates
[    2.181089] Loaded X.509 cert 'Build time autogenerated kernel key: 4dcb2dc2c7cf43e0c20c44384f68683c20294489'
[    2.186314] zswap: loaded using pool lzo/zbud
[    2.192897] Key type trusted registered
[    2.202857] Key type encrypted registered
[    2.205551] AppArmor: AppArmor sha1 policy hashing enabled
[    2.208605] ima: No TPM chip found, activating TPM-bypass!
[    2.211775] ima: Allocated hash algorithm: sha1
[    2.214685] evm: HMAC attrs: 0x1
[    2.217983]   Magic number: 7:330:41
[    2.220275] bdi 7:6: hash matches
[    2.222795] rtc_cmos rtc_cmos: setting system clock to 2019-06-18 19:02:44 UTC (1560884564)
[    2.228372] BIOS EDD facility v0.16 2004-Jun-25, 0 devices found
[    2.231832] EDD information not available.
[    2.243673] Freeing unused kernel memory: 1484K
[    2.246587] Write protecting the kernel read-only data: 14336k
[    2.251277] Freeing unused kernel memory: 1620K
[    2.254678] Freeing unused kernel memory: 68K
Loading, please wait...
starting version 229
[    2.287201] random: systemd-udevd: uninitialized urandom read (16 bytes read, 5 bits of entropy available)
[    2.288570] random: udevadm: uninitialized urandom read (16 bytes read, 5 bits of entropy available)
[    2.288608] random: udevadm: uninitialized urandom read (16 bytes read, 5 bits of entropy available)
[    2.302342] random: systemd-udevd: uninitialized urandom read (16 bytes read, 5 bits of entropy available)
[    2.307257] random: udevadm: uninitialized urandom read (16 bytes read, 5 bits of entropy available)
[    2.307367] random: udevadm: uninitialized urandom read (16 bytes read, 5 bits of entropy available)
[    2.307666] random: udevadm: uninitialized urandom read (16 bytes read, 5 bits of entropy available)
[    2.307766] random: udevadm: uninitialized urandom read (16 bytes read, 5 bits of entropy available)
[    2.307862] random: udevadm: uninitialized urandom read (16 bytes read, 5 bits of entropy available)
[    2.307967] random: udevadm: uninitialized urandom read (16 bytes read, 5 bits of entropy available)
[    2.409854] e1000: Intel(R) PRO/1000 Network Driver - version 7.3.21-k8-NAPI
[    2.413336] e1000: Copyright (c) 1999-2006 Intel Corporation.
[    2.418091] Fusion MPT base driver 3.04.20
[    2.420552] Copyright (c) 1999-2008 LSI Corporation
[    2.439918] Fusion MPT SPI Host driver 3.04.20
[    2.488424] AVX2 version of gcm_enc/dec engaged.
[    2.491208] AES CTR mode by8 optimization enabled
[    2.642058] input: ImExPS/2 Generic Explorer Mouse as /devices/platform/i8042/serio1/input/input4
[    2.920301] tsc: Refined TSC clocksource calibration: 1800.167 MHz
[    2.923445] clocksource: tsc: mask: 0xffffffffffffffff max_cycles: 0x19f2c7491f9, max_idle_ns: 440795222234 ns
[    2.975048] e1000 0000:00:03.0 eth0: (PCI:33MHz:32-bit) 02:6d:cd:79:6e:19
[    2.979885] e1000 0000:00:03.0 eth0: Intel(R) PRO/1000 Network Connection
[    3.959843] e1000 0000:00:08.0 eth1: (PCI:33MHz:32-bit) 08:00:27:65:e0:3f
[    3.964477] e1000 0000:00:08.0 eth1: Intel(R) PRO/1000 Network Connection
[    4.519904] e1000 0000:00:09.0 eth2: (PCI:33MHz:32-bit) 08:00:27:a5:e0:5f
[    4.523338] e1000 0000:00:09.0 eth2: Intel(R) PRO/1000 Network Connection
[    4.528661] mptbase: ioc0: Initiating bringup
[    4.529878] e1000 0000:00:03.0 enp0s3: renamed from eth0
[    4.546690] e1000 0000:00:08.0 enp0s8: renamed from eth1
[    4.566991] e1000 0000:00:09.0 enp0s9: renamed from eth2
[    4.614189] ioc0: LSI53C1030 A0: Capabilities={Initiator}
[    4.788160] scsi host2: ioc0: LSI53C1030 A0, FwRev=00000000h, Ports=1, MaxQ=256, IRQ=20
[    4.903217] scsi 2:0:0:0: Direct-Access     VBOX     HARDDISK         1.0  PQ: 0 ANSI: 5
[    4.908223] scsi target2:0:0: Beginning Domain Validation
[    4.915671] scsi target2:0:0: Domain Validation skipping write tests
[    4.918937] scsi target2:0:0: Ending Domain Validation
[    4.922196] scsi target2:0:0: asynchronous
[    4.926095] scsi 2:0:1:0: Direct-Access     VBOX     HARDDISK         1.0  PQ: 0 ANSI: 5
[    4.963109] scsi target2:0:1: Beginning Domain Validation
[    4.972023] scsi target2:0:1: Domain Validation skipping write tests
[    4.975937] scsi target2:0:1: Ending Domain Validation
[    4.979232] scsi target2:0:1: asynchronous
[    4.994255] sd 2:0:0:0: [sda] 20971520 512-byte logical blocks: (10.7 GB/10.0 GiB)
[    4.994772] sd 2:0:0:0: Attached scsi generic sg0 type 0
[    4.996145] sd 2:0:1:0: Attached scsi generic sg1 type 0
[    4.996726] sd 2:0:1:0: [sdb] 20480 512-byte logical blocks: (10.5 MB/10.0 MiB)
[    4.997137] sd 2:0:1:0: [sdb] Write Protect is off
[    4.997469] sd 2:0:1:0: [sdb] Incomplete mode parameter data
[    4.997472] sd 2:0:1:0: [sdb] Assuming drive cache: write through
[    5.017478] sd 2:0:0:0: [sda] Write Protect is off
[    5.020560] sd 2:0:0:0: [sda] Incomplete mode parameter data
[    5.023433] sd 2:0:0:0: [sda] Assuming drive cache: write through
[    5.217073]  sda: sda1
[    5.222124] sd 2:0:0:0: [sda] Attached SCSI disk
[    5.402477] sd 2:0:1:0: [sdb] Attached SCSI disk
Begin: Loading essential drivers ... [    9.457839] md: linear personality registered for level -1
[    9.470458] md: multipath personality registered for level -4
[    9.480447] md: raid0 personality registered for level 0
[    9.495542] md: raid1 personality registered for level 1
[    9.578122] raid6: sse2x1   gen()  2409 MB/s
[    9.646406] raid6: sse2x1   xor()  1852 MB/s
[    9.719345] raid6: sse2x2   gen()  3333 MB/s
[    9.789808] raid6: sse2x2   xor()  2007 MB/s
[    9.861882] raid6: sse2x4   gen()  3943 MB/s
[    9.933816] raid6: sse2x4   xor()  2867 MB/s
[   10.001816] raid6: avx2x1   gen()  5862 MB/s
[   10.069877] raid6: avx2x2   gen()  6762 MB/s
[   10.141928] raid6: avx2x4   gen()  6884 MB/s
[   10.144949] raid6: using algorithm avx2x4 gen() 6884 MB/s
[   10.148636] raid6: using avx2x2 recovery algorithm
[   10.156950] xor: automatically using best checksumming function:
[   10.197764]    avx       :  6977.000 MB/sec
[   10.205512] async_tx: api initialized (async)
[   10.237297] md: raid6 personality registered for level 6
[   10.243711] md: raid5 personality registered for level 5
[   10.247804] md: raid4 personality registered for level 4
[   10.281248] md: raid10 personality registered for level 10
done.
Begin: Running /scripts/init-premount ... done.
Begin: Mounting root file system ... Begin: Running /scripts/local-top ... done.
Begin: Running /scripts/local-premount ... [   10.408515] Btrfs loaded
Scanning for Btrfs filesystems
[   10.455138] random: nonblocking pool is initialized
done.
Warning: fsck not present, so skipping root file system
[   10.666000] EXT4-fs (sda1): mounted filesystem with ordered data mode. Opts: (null)
done.
Begin: Running /scripts/local-bottom ... done.
Begin: Running /scripts/init-bottom ... done.
[   12.004210] systemd[1]: systemd 229 running in system mode. (+PAM +AUDIT +SELINUX +IMA +APPARMOR +SMACK +SYSVINIT +UTMP +LIBCRYPTSETUP +GCRYPT +GNUTLS +ACL +XZ -LZ4 +SECCOMP +BLKID +ELFUTILS +KMOD -IDN)
[   12.014930] systemd[1]: Detected virtualization oracle.
[   12.018839] systemd[1]: Detected architecture x86-64.

Welcome to [1mUbuntu 16.04.6 LTS[0m!

[   12.150349] systemd[1]: Set hostname to <ubuntu>.
[   12.244378] systemd[1]: Initializing machine ID from random generator.
[   12.247626] systemd[1]: Installed transient /etc/machine-id file.
[   14.476296] systemd[1]: Created slice User and Session Slice.
[[0;32m  OK  [0m] Created slice User and Session Slice.
[   14.483518] systemd[1]: Listening on Journal Audit Socket.
[[0;32m  OK  [0m] Listening on Journal Audit Socket.
[   14.490096] systemd[1]: Listening on /dev/initctl Compatibility Named Pipe.
[[0;32m  OK  [0m] Listening on /dev/initctl Compatibility Named Pipe.
[   14.496542] systemd[1]: Reached target Swap.
[[0;32m  OK  [0m] Reached target Swap.
[   14.684234] systemd[1]: Listening on LVM2 metadata daemon socket.
[[0;32m  OK  [0m] Listening on LVM2 metadata daemon socket.
[   14.738264] systemd[1]: Set up automount Arbitrary Executable File Formats File System Automount Point.
[[0;32m  OK  [0m] Set up automount Arbitrary Executab...ats File System Automount Point.
[   14.745496] systemd[1]: Listening on Device-mapper event daemon FIFOs.
[[0;32m  OK  [0m] Listening on Device-mapper event daemon FIFOs.
[   14.778754] systemd[1]: Listening on Syslog Socket.
[[0;32m  OK  [0m] Listening on Syslog Socket.
[   14.785436] systemd[1]: Listening on Journal Socket (/dev/log).
[[0;32m  OK  [0m] Listening on Journal Socket (/dev/log).
[   14.792384] systemd[1]: Listening on Journal Socket.
[[0;32m  OK  [0m] Listening on Journal Socket.
[   14.798561] systemd[1]: Started Trigger resolvconf update for networkd DNS.
[[0;32m  OK  [0m] Started Trigger resolvconf update for networkd DNS.
[   14.806769] systemd[1]: Created slice System Slice.
[[0;32m  OK  [0m] Created slice System Slice.
[   14.961897] systemd[1]: Starting Load Kernel Modules...
         Starting Load Kernel Modules...
[   14.970293] systemd[1]: Starting Create list of required static device nodes for the current kernel...
         Starting Create list of required st... nodes for the current kernel...
[   14.980449] systemd[1]: Mounting Debug File System...
         Mounting Debug File System...
[   14.986414] systemd[1]: Mounting POSIX Message Queue File System...
         Mounting POSIX Message Queue File System...
[   14.994167] systemd[1]: Starting Remount Root and Kernel File Systems...
         Starting Remount Root and Kernel File Systems...
[   15.002428] systemd[1]: Created slice system-serial\x2dgetty.slice.
[[0;32m  OK  [0m] Created slice system-serial\x2dgetty.slice.
[   15.011571] systemd[1]: Starting Uncomplicated firewall...
         Starting Uncomplicated firewall...
[   15.019958] systemd[1]: Starting Journal Service...
         Starting Journal Service...
[   15.025741] systemd[1]: Reached target System Time Synchronized.
[[0;32m  OK  [0m] Reached target System Time Synchronized.
[   15.034462] systemd[1]: Starting Set console keymap...
         Starting Set console keymap...
[   15.043584] systemd[1]: Mounting Huge Pages File System...
         Mounting Huge Pages File System...
[   15.066712] systemd[1]: Reached target Encrypted Volumes.
[[0;32m  OK  [0m] Reached target Encrypted Volumes.
[   15.072167] systemd[1]: Started Forward Password Requests to Wall Directory Watch.
[[0;32m  OK  [0m] Started Forward Password Requests to Wall Directory Watch.
[   15.087157] systemd[1]: Listening on udev Kernel Socket.
[[0;32m  OK  [0m] Listening on udev Kernel Socket.
[   15.094041] systemd[1]: Reached target User and Group Name Lookups.
[[0;32m  OK  [0m] Reached target User and Group Name Lookups.
[   15.108746] EXT4-fs (sda1): re-mounted. Opts: (null)
[   15.118359] systemd[1]: Starting Nameserver information manager...
         Starting Nameserver information manager...
[   15.130418] systemd[1]: Listening on udev Control Socket.
[[0;32m  OK  [0m] Listening on udev Control Socket.
[   15.136787] systemd[1]: Listening on LVM2 poll daemon socket.
[[0;32m  OK  [0m] Listening on LVM2 poll daemon socket.
[   15.143074] systemd[1]: Reached target Slices.
[[0;32m  OK  [0m] Reached target Slices.
[   15.150964] systemd[1]: Starting Monitoring of LVM2 mirrors, snapshots etc. using dmeventd or progress polling...
         Starting Monitoring of LVM2 mirrors... dmeventd or progress polling...
[   15.169410] systemd[1]: Mounted Debug File System.
[[0;32m  OK  [0m] Mounted Debug File System.
[   15.182568] systemd[1]: Mounted POSIX Message Queue File System.
[[0;32m  OK  [0m] Mounted POSIX Message Queue File System.
[   15.189531] systemd[1]: Mounted Huge Pages File System.
[[0;32m  OK  [0m] Mounted Huge Pages File System.
[   15.197998] systemd[1]: Started Create list of required static device nodes for the current kernel.
[[0;32m  OK  [0m] Started Create list of required sta...ce nodes for the current kernel.
[   15.206568] systemd[1]: Started Remount Root and Kernel File Systems.
[[0;32m  OK  [0m] Started Remount Root and Kernel File Systems.
[   15.212450] systemd[1]: Started Uncomplicated firewall.
[[0;32m  OK  [0m] Started Uncomplicated firewall.
[   15.252542] systemd[1]: Started Nameserver information manager.
[[0;32m  OK  [0m] Started Nameserver information manager.
[   15.261377] Loading iSCSI transport class v2.0-870.
[   15.374089] systemd[1]: Starting Load/Save Random Seed...
         Starting Load/Save Random Seed...
[   15.414434] iscsi: registered transport (tcp)
[   15.432891] systemd[1]: Starting udev Coldplug all Devices...
         Starting udev Coldplug all Devices...
[   15.444981] systemd[1]: Starting Create Static Device Nodes in /dev...
         Starting Create Static Device Nodes in /dev...
[   15.462011] systemd[1]: Started Journal Service.
[[0;32m  OK  [0m] Started Journal Service.
         Starting Flush Journal to Persistent Storage...
[[0;32m  OK  [0m] Started Load/Save Random Seed.
[[0;32m  OK  [0m] Started Set console keymap.
[[0;32m  OK  [0m] Started udev Coldplug all Devices.
[   15.670632] systemd-journald[388]: Received request to flush runtime journal from PID 1
[[0;32m  OK  [0m] Started Flush Journal to Persistent Storage.
[[0;32m  OK  [0m] Started LVM2 metadata daemon.
[   15.793208] iscsi: registered transport (iser)
[[0;32m  OK  [0m] Started Load Kernel Modules.
         Starting Apply Kernel Variables...
         Mounting FUSE Control File System...
[[0;32m  OK  [0m] Mounted FUSE Control File System.
[[0;32m  OK  [0m] Started Create Static Device Nodes in /dev.
[[0;32m  OK  [0m] Started Apply Kernel Variables.
         Starting udev Kernel Device Manager...
[[0;32m  OK  [0m] Started Monitoring of LVM2 mirrors,...ng dmeventd or progress polling.
[[0;32m  OK  [0m] Reached target Local File Systems (Pre).
[[0;32m  OK  [0m] Reached target Local File Systems.
         Starting Create Volatile Files and Directories...
         Starting Commit a transient machine-id on disk...
         Starting Tell Plymouth To Write Out Runtime Data...
         Starting Set console font and keymap...
         Starting Initial cloud-init job (pre-networking)...
         Starting LSB: AppArmor initialization...
[[0;32m  OK  [0m] Started udev Kernel Device Manager.
[[0;32m  OK  [0m] Started Commit a transient machine-id on disk.
[[0;32m  OK  [0m] Started Dispatch Password Requests to Console Directory Watch.
[[0;32m  OK  [0m] Started Tell Plymouth To Write Out Runtime Data.
[[0;32m  OK  [0m] Started Create Volatile Files and Directories.
         Starting Update UTMP about System Boot/Shutdown...
[[0;32m  OK  [0m] Started Update UTMP about System Boot/Shutdown.
[[0;32m  OK  [0m] Found device /dev/ttyS0.
[[0;32m  OK  [0m] Listening on Load/Save RF Kill Switch Status /dev/rfkill Watch.
[[0;32m  OK  [0m] Started Set console font and keymap.
[[0;32m  OK  [0m] Created slice system-getty.slice.
[[0;32m  OK  [0m] Started LSB: AppArmor initialization.
[   24.867227] cloud-init[488]: Cloud-init v. 18.5-45-g3554ffe8-0ubuntu1~16.04.1 running 'init-local' at Tue, 18 Jun 2019 19:03:06 +0000. Up 23.66 seconds.
[[0;32m  OK  [0m] Started Initial cloud-init job (pre-networking).
[[0;32m  OK  [0m] Reached target Network (Pre).
         Starting Raise network interfaces...
[[0;32m  OK  [0m] Started Raise network interfaces.
         Starting Initial cloud-init job (metadata service crawler)...
[[0;32m  OK  [0m] Reached target Network.
[   31.899859] cloud-init[976]: Cloud-init v. 18.5-45-g3554ffe8-0ubuntu1~16.04.1 running 'init' at Tue, 18 Jun 2019 19:03:09 +0000. Up 26.86 seconds.
[   31.903294] cloud-init[976]: ci-info: ++++++++++++++++++++++++++++++++++++++Net device info+++++++++++++++++++++++++++++++++++++++
[   31.906201] cloud-init[976]: ci-info: +--------+-------+----------------------------+---------------+--------+-------------------+
[   31.909098] cloud-init[976]: ci-info: | Device |   Up  |          Address           |      Mask     | Scope  |     Hw-Address    |
[   31.912480] cloud-init[976]: ci-info: +--------+-------+----------------------------+---------------+--------+-------------------+
[   31.915434] cloud-init[976]: ci-info: | enp0s3 |  True |         10.0.2.15          | 255.255.255.0 | global | 02:6d:cd:79:6e:19 |
[   31.924804] cloud-init[976]: ci-info: | enp0s3 |  True | fe80::6d:cdff:fe79:6e19/64 |       .       |  link  | 02:6d:cd:79:6e:19 |
[   31.928171] cloud-init[976]: ci-info: | enp0s8 | False |             .              |       .       |   .    | 08:00:27:65:e0:3f |
[   31.930774] cloud-init[976]: ci-info: | enp0s9 | False |             .              |       .       |   .    | 08:00:27:a5:e0:5f |
[   31.940894] cloud-init[976]: ci-info: |   lo   |  True |         127.0.0.1          |   255.0.0.0   |  host  |         .         |
[   31.952835] cloud-init[976]: ci-info: |   lo   |  True |          ::1/128           |       .       |  host  |         .         |
[   31.965366] cloud-init[976]: ci-info: +--------+-------+----------------------------+---------------+--------+-------------------+
[   31.976913] cloud-init[976]: ci-info: +++++++++++++++++++++++++++Route IPv4 info++++++++++++++++++++++++++++
[   31.980296] cloud-init[976]: ci-info: +-------+-------------+----------+---------------+-----------+-------+
[   31.984002] cloud-init[976]: ci-info: | Route | Destination | Gateway  |    Genmask    | Interface | Flags |
[   31.992873] cloud-init[976]: ci-info: +-------+-------------+----------+---------------+-----------+-------+
[   31.996330] cloud-init[976]: ci-info: |   0   |   0.0.0.0   | 10.0.2.2 |    0.0.0.0    |   enp0s3  |   UG  |
[   31.999900] [[0;32m  OK  [0m] Started Initial cloud-init job (metadata service crawler).
[[0;32m  OK  [0m] Reached target Cloud-config availability.cloud-init[976]: ci-info: |   1   |   10.0.2.0  | 0.0.0.0  | 255.255.255.0 |   enp0s3  |   U   |
[   32.005464] cloud-init[976]: ci-info: +-------+-------------+----------+---------------+-----------+-------+
[   32.006561] cloud-init[976]: ci-info: +++++++++++++++++++Route IPv6 info+++++++++++++++++++
[   32.007742] cloud-init[976]: ci-info: +-------+-------------+---------+-----------+-------+
[   32.008727] cloud-init[976]: ci-info: | Route | Destination | Gateway | Interface | Flags |
[   32.010063] cloud-init[976]: ci-info: +-------+-------------+---------+-----------+-------+
[   32.010907] cloud-init[976]: ci-info: |   0   |  fe80::/64  |    ::   |   enp0s3  |   U   |
[   32.011818] cloud-init[976]: ci-info: |   4   |   ff00::/8  |    ::   |   enp0s3  |   U   |
[   32.012493] cloud-init[976]: ci-info: +-------+-------------+---------+-----------+-------+
[   32.012830] cloud-init[976]: Generating public/private rsa key pair.
[   32.013576] cloud-init[976]: Your identification has been saved in /etc/ssh/ssh_host_rsa_key.
[   32.015039] cloud-init[976]: Your public key has been saved in /etc/ssh/ssh_host_rsa_key.pub.
[   32.015870] cloud-init[976]: The key fingerprint is:
[   32.016938] cloud-init[976]: SHA256:vx/l7ijUhKZtwceCTvw34dW40knN2J05+y7LAMcqhGU root@ubuntu-xenial
[   32.017768] cloud-init[976]: The key's randomart image is:
[   32.018726] cloud-init[976]: +---[RSA 2048]----+
[   32.019739] cloud-init[976]: |                 |
[   32.020544] cloud-init[976]: |                 |
[   32.021596] cloud-init[976]: |       .Eo o   B+|
[   32.022488] cloud-init[976]: |       ++ *.= =+*|
[   32.023442] cloud-init[976]: |      .oS=.Bo=.oo|
[   32.024792] cloud-init[976]: |       .o.=+*o+. |
[   32.025099] cloud-init[976]: |        .oo.oo. .|
[   32.025723] cloud-init[976]: |         ... *. .|
[   32.026727] cloud-init[976]: |          .oo.=+.|
[   32.027704] cloud-init[976]: +----[SHA256]-----+
[   32.029468] cloud-init[976]: Generating public/private dsa key pair.
[   32.030439] cloud-init[976]: Your identification has been saved in /etc/ssh/ssh_host_dsa_key.
[   32.030690] cloud-init[976]: Your public key has been saved in /etc/ssh/ssh_host_dsa_key.pub.
[   32.031083] cloud-init[976]: The key fingerprint is:
[   32.032471] cloud-init[976]: SHA256:y1dBp8ngxqtOKbDvBIjhoupTT9g5PE4tNT0hOmy7rjI root@ubuntu-xenial
[   32.033475] cloud-init[976]: The key's randomart image is:
[   32.034511] cloud-init[976]: +---[DSA 1024]----+
[   32.035492] cloud-init[976]: |          . . .  |
[   32.036613] cloud-init[976]: |       . + + +   |
[   32.037819] cloud-init[976]: |.   . . o = =    |
[   32.038688] cloud-init[976]: |.o . = o + . .   |
[   32.039699] cloud-init[976]: |o.. B * S o .    |
[   32.040024] cloud-init[976]: |o  o # o + .     |
[   32.040732] cloud-init[976]: |. . * B * .      |
[   32.040836] cloud-init[976]: |.E   * + .       |
[   32.041302] cloud-init[976]: |o.+.ooo .        |
[   32.041941] cloud-init[976]: +----[SHA256]-----+
[   32.042965] cloud-init[976]: Generating public/private ecdsa key pair.
[   32.043986] cloud-init[976]: Your identification has been saved in /etc/ssh/ssh_host_ecdsa_key.
[   32.045054] cloud-init[976]: Your public key has been saved in /etc/ssh/ssh_host_ecdsa_key.pub.
[   32.045923] cloud-init[976]: The key fingerprint is:
[   32.046991] cloud-init[976]: SHA256:aP1VaoLG6sMW+AgbnKhfux/r21Q8wTlqUW5lo0LOjlU root@ubuntu-xenial
[   32.048005] cloud-init[976]: The key's randomart image is:
[   32.048310] cloud-init[976]: +---[ECDSA 256]---+
[   32.048690] cloud-init[976]: |        . E +    |
[   32.048943] cloud-init[976]: |       + = = .   |
[   32.049163] cloud-init[976]: |        * O   .  |
[   32.049782] cloud-init[976]: |       B B o o   |
[   32.050184] cloud-init[976]: | o . .+ S = +    |
[   32.050851] cloud-init[976]: |. = ...+ o =     |
[   32.051238] cloud-init[976]: |.  +.+o.. .      |
[   32.052591] cloud-init[976]: |. ...o==         |
[   32.052879] cloud-init[976]: | .. o=*o.        |
[   32.053436] cloud-init[976]: +----[SHA256]-----+
[   32.054051] cloud-init[976]: Generating public/private ed25519 key pair.
[   32.054654] cloud-init[976]: Your identification has been saved in /etc/ssh/ssh_host_ed25519_key.
[   32.055155] cloud-init[976]: Your public key has been saved in /etc/ssh/ssh_host_ed25519_key.pub.
[   32.055780] cloud-init[976]: The key fingerprint is:
[   32.056355] cloud-init[976]: SHA256:a8ljR/C7iLNZQZ0TZru1B7jP5mH/P/2DUSaUKOdru14 root@ubuntu-xenial
[   32.056661] cloud-init[976]: The key's randomart image is:
[   32.057164] cloud-init[976]: +--[ED25519 256]--+
[   32.057336] cloud-init[976]: |          + . .  |
[   32.057924] cloud-init[976]: |         = B o   |
[   32.058062] cloud-init[976]: |        o X +    |
[   32.058649] cloud-init[976]: |       . o * + o |
[   32.058724] cloud-init[976]: |        S = o =  |
[   32.058976] cloud-init[976]: |       . = * o   |
[   32.059717] cloud-init[976]: |        O + BEo .|
[   32.061162] cloud-init[976]: |      .* + *.+ o.|
[   32.061386] cloud-init[976]: |      +o. ooo ..O|
[   32.062339] cloud-init[976]: +----[SHA256]-----+

[[0;32m  OK  [0m] Reached target Network is Online.
         Starting iSCSI initiator daemon (iscsid)...
[[0;32m  OK  [0m] Reached target System Initialization.
[[0;32m  OK  [0m] Started ACPI Events Check.
[[0;32m  OK  [0m] Reached target Paths.
         Starting LXD - unix socket.
[[0;32m  OK  [0m] Started Daily apt download activities.
[[0;32m  OK  [0m] Started Daily Cleanup of Temporary Directories.
[[0;32m  OK  [0m] Started Daily apt upgrade and clean activities.
[[0;32m  OK  [0m] Reached target Timers.
[[0;32m  OK  [0m] Listening on UUID daemon activation socket.
[[0;32m  OK  [0m] Listening on ACPID Listen Socket.
[[0;32m  OK  [0m] Listening on D-Bus System Message Bus Socket.
         Starting Socket activation for snappy daemon.
[[0;32m  OK  [0m] Listening on LXD - unix socket.
[[0;32m  OK  [0m] Listening on Socket activation for snappy daemon.
[[0;32m  OK  [0m] Reached target Sockets.
[[0;32m  OK  [0m] Reached target Basic System.
         Starting Pollinate to seed the pseudo random number generator...
         Starting LSB: MD monitoring daemon...
[[0;32m  OK  [0m] Started FUSE filesystem for LXC.
         Starting Login Service...
         Starting Accounts Service...
[[0;32m  OK  [0m] Started ACPI event daemon.
[[0;32m  OK  [0m] Started Regular background program processing daemon.
         Starting System Logging Service...
         Starting /etc/rc.local Compatibility...
         Starting Virtualbox guest utils...
[[0;32m  OK  [0m] Started D-Bus System Message Bus.
[[0;32m  OK  [0m] Started Deferred execution scheduler.
         Starting LSB: Record successful boot for GRUB...
         Starting Snappy daemon...
         Starting LXD - container startup/shutdown...
[[0;32m  OK  [0m] Started System Logging Service.
[[0;32m  OK  [0m] Started /etc/rc.local Compatibility.
[[0;32m  OK  [0m] Started Login Service.
[[0;32m  OK  [0m] Started Unattended Upgrades Shutdown.
[[0;32m  OK  [0m] Started iSCSI initiator daemon (iscsid).
         Starting Login to default iSCSI targets...
[[0;32m  OK  [0m] Started LSB: MD monitoring daemon.
[[0;32m  OK  [0m] Started LSB: Record successful boot for GRUB.
         Starting Authenticate and Authorize Users to Run Privileged Tasks...
[[0;32m  OK  [0m] Started Login to default iSCSI targets.
[[0;32m  OK  [0m] Reached target Remote File Systems (Pre).
[[0;32m  OK  [0m] Reached target Remote File Systems.
         Starting Permit User Sessions...
         Starting LSB: daemon to balance interrupts for SMP systems...
         Starting LSB: Set the CPU Frequency Scaling governor to "ondemand"...
         Starting LSB: automatic crash report generation...
[[0;32m  OK  [0m] Started LSB: Set the CPU Frequency Scaling governor to "ondemand".
[[0;32m  OK  [0m] Started Permit User Sessions.
         Starting Hold until boot process finishes up...
         Starting Terminate Plymouth Boot Screen...
[[0;32m  OK  [0m] Started Hold until boot process finishes up.
[[0;32m  OK  [0m] Started Terminate Plymouth Boot Screen.
[[0;32m  OK  [0m] Started Getty on tty1.
         Starting Set console scheme...
[[0;32m  OK  [0m] Started Serial Getty on ttyS0.
[[0;32m  OK  [0m] Reached target Login Prompts.
[[0;32m  OK  [0m] Started LSB: automatic crash report generation.
[[0;32m  OK  [0m] Started Set console scheme.
[[0;32m  OK  [0m] Started LSB: daemon to balance interrupts for SMP systems.
[[0;32m  OK  [0m] Started Authenticate and Authorize Users to Run Privileged Tasks.
[[0;32m  OK  [0m] Started Accounts Service.
[[0;32m  OK  [0m] Started Virtualbox guest utils.

Ubuntu 16.04.6 LTS ubuntu-xenial ttyS0

ubuntu-xenial login: [   57.403415] cloud-init[1817]: Generating locales (this might take a while)...
[   60.909534] cloud-init[1817]:   en_US.UTF-8... done
[   60.911852] cloud-init[1817]: Generation complete.
[   64.070094] cloud-init[1817]: Cloud-init v. 18.5-45-g3554ffe8-0ubuntu1~16.04.1 running 'modules:config' at Tue, 18 Jun 2019 19:03:39 +0000. Up 56.82 seconds.
ci-info: no authorized ssh keys fingerprints found for user ubuntu.
<14>Jun 18 19:03:48 ec2: 
<14>Jun 18 19:03:48 ec2: #############################################################
<14>Jun 18 19:03:48 ec2: -----BEGIN SSH HOST KEY FINGERPRINTS-----
<14>Jun 18 19:03:48 ec2: 1024 SHA256:y1dBp8ngxqtOKbDvBIjhoupTT9g5PE4tNT0hOmy7rjI root@ubuntu-xenial (DSA)
<14>Jun 18 19:03:48 ec2: 256 SHA256:aP1VaoLG6sMW+AgbnKhfux/r21Q8wTlqUW5lo0LOjlU root@ubuntu-xenial (ECDSA)
<14>Jun 18 19:03:48 ec2: 256 SHA256:a8ljR/C7iLNZQZ0TZru1B7jP5mH/P/2DUSaUKOdru14 root@ubuntu-xenial (ED25519)
<14>Jun 18 19:03:48 ec2: 2048 SHA256:vx/l7ijUhKZtwceCTvw34dW40knN2J05+y7LAMcqhGU root@ubuntu-xenial (RSA)
<14>Jun 18 19:03:48 ec2: -----END SSH HOST KEY FINGERPRINTS-----
<14>Jun 18 19:03:48 ec2: #############################################################
-----BEGIN SSH HOST KEY KEYS-----
ecdsa-sha2-nistp256 AAAAE2VjZHNhLXNoYTItbmlzdHAyNTYAAAAIbmlzdHAyNTYAAABBBF7kmpv4FvshAhPM4V1ws7KuAOi7bbA4U1cuPB4i41XK6WP6CGogULBCgwmcsd4EfZzv60aUhnuguVR5vHUEalo= root@ubuntu-xenial
ssh-ed25519 AAAAC3NzaC1lZDI1NTE5AAAAIOUyThnbHQZ2s/I9mOhRTojZGkirF1fAKlF2NX6XeehQ root@ubuntu-xenial
ssh-rsa AAAAB3NzaC1yc2EAAAADAQABAAABAQCzyI+s7vNLInKym1hhuSTekhMpRWox9VR9HaJj7hd+Hq8072ACg1Li3diN0ns/ZkzKSZiP3v3zOZWkuw8gfF51FJ4DFWDBOurlOdMKtty3IypmjexA4JNmootkDWH4bUEaSAH2cAIpuM/grZicJUYY/6Ub+40jwDgyoBCW7qCyYNI69NgiM0MzP6O6LOUulmcRs2xWi6X+Rl1afApAHsFomJA1Dx1sD/gtCfACEBfmA7Bm00UdUbPS6B3ufA2aricRJ4MxPZnkV056ee7r60KEOkAxSMqy+CicVGHFGPZv8dfe4bkHEaefehyNG+Qnb62iMTf/td11Wwv0btxWARhZ root@ubuntu-xenial
-----END SSH HOST KEY KEYS-----
[   66.049196] cloud-init[1912]: Cloud-init v. 18.5-45-g3554ffe8-0ubuntu1~16.04.1 running 'modules:final' at Tue, 18 Jun 2019 19:03:48 +0000. Up 65.28 seconds.
[   66.052454] cloud-init[1912]: ci-info: no authorized ssh keys fingerprints found for user ubuntu.
[   66.056414] cloud-init[1912]: Cloud-init v. 18.5-45-g3554ffe8-0ubuntu1~16.04.1 finished at Tue, 18 Jun 2019 19:03:48 +0000. Datasource DataSourceNoCloud [seed=/dev/sdb][dsmode=net].  Up 66.02 seconds
