[  0.000000] Initializing cgroup subsys cpuset
[  0000000] italizing cgroup subsys cpu
[  00000] nitiizng cou subs puac
    00000Liux vsin 4.4.14-genec buil@lcy01md4-00 (cc rson 5.0201609(Ubuu .4.0ubntu16.4.10) ) #1-UuntuMPWed v 4 209:7 UT208 (Unt 4.4-10.166-neic 4.12)
  0.000000] Command line: BOOT_IMAGE=/boot/vmlinuz-4.4.0-140-generic root=LABEL=cloudimg-rootfs ro console=tty1 console=ttyS0
[  00000] ERNEsuported cpus:
[  00000]  Intel GenineInl
[    0.000000]   AMD AuthenticAMD
[  00000]  CenurCentrHuls
[  00000 x86/fpu: xstate_offset[2]:  576, xstate_sizes[2]:  256
[  00000] 86/fpu: Supporting XSAVE feature 0x01: 'x87 floating point registers'
[  0000000] x86/fpu: Supporting XSAVE feature 0x02: 'SSE registers'
[    0.000000] x86/fpu: Supporting XSAVE feature 0x04: 'AVX registers'
[    0.000000] x86/fpu: Enabled xstate features 0x7, context size is 832 bytes, using 'standard' format.
[  00000] 820: BS-rovid hysil RM ma
    00000]BIOSe820[mm 0x0000000000-00000000009fbff] usable
[  00000] IOS-20 [mem 000000009fc00-0x000000000009ffff] reserved
[  00000] IOS-20 [me0x0000000000f0000-0x00000000000fffff] reserved
[    0.000000] BIOS-e820: [mem 0x0000000000100000-0x000000005dbeffff] usable
[    0.000000] BIOS-e820: [mem 0x000000005dbf0000-0x000000005dbfffff] ACPI data
[    0.000000] BIOS-e820: [m 0000000ec000-x00000fec0ff] reserved
[    0.000000] BIOS-e820: [mem 0x00000000fee00000-0x00000000fee00fff] reserved
[  .0000]BIOS82: [mem 0x00000000fffc0000-0x000000ffffff rserv
    0.000000] NX (Execute Disable) protection: active
[  000000 SBIOS.5prest.
[  .0000] yperso detect: VM
  0.000000] e0:lastfn= 0xbf max_ah_fn =x400000
[  .0000]MTRRDiabled[   .00000x8/PATMTRs dabed, iping T nitiiztion too.
[  0000000] CPMTRs a bank vitualiz sstem.
[  0000000] x86/PAT: Configuration [0-7]: WB  WT  UC- UC  WB  WT  UC- UC  
[  00000] oundMPMP-tleat [m x000ff-0x09fffmaped at [ffff88000009fff0]
[  00000] canng  areasor l mmoryorupti
    00000] RDISK: [mem 0x36306000-0x3717afff]
[  00000] CPI:ary tae hecksum verification disabled
[  0000000ACPIRSDP 0x00000000000E0000 000024 (v02 VBOX  )
[    0.000000] API: XSDT 0x000000005DBF0030 00003C (v01 VBOX   VBOXXSDT 00000001 ASL  00000061)
[  00000]ACPIFAP 0x000005D000 0000F4 (v04 VBOX   VBOXFACP 00000001 ASL  00000061)
[  00000] CPI: DSDTx000005DF048001FF (v02 VBOX   VBOXBIOS 00000002 INTL 20100528)
[   0.0000 API: CS0x000000005DBF0200 000040
[  00000] CPI:AC 0x000005DBF000000
    0.000000] ACPI: APIC 0x000000005DBF0240 000064 (v02 VBOX   VBOXAPIC 00000001 ASL  00000061)
[  0000000] ACPI: SSDT 0x000000005DBF02B0 0001CC (v01 VBOX   VBOXCPUT 00000002 INTL 20100528)
[  00000] o NUA nfiguration found
[  00000] akina ode  [em 000000000000000-0x000000005dbeffff]
[  0.00000NOE_DA(0 allatd [m 05dbe000x5dfff]
  0.0000 kvmlok: Ungmsrs 46401 a 4564d
    0.000000] kvm-clock: cpu 0, msr 0:5dbe3001, primary cpu clock
[  00000] vm-clock: using sched offset of 4802830256 cycles
[  00000]clocouce: m-lockmak: 0ffffffffffffff max_cycles: 0x1cd42e4dffb, max_idle_ns: 881590591483 ns
[  0000000] Zone ranges:
[  00000]  DMA      [mem 0x0000000000001000-x00000000ffffff]
[  0000000]   DMA32    [mem 0x0000000001000000-0x000000005dbeffff]
[    0.000000]   Normal   empty
[   .00000  Device   empty
[   0.000000] Movable zone start for each node
[  00000] arlyemry ne anges
[  00000]  nod  : [m 00000000000000x00000000ff]
[  .0000]  no  0: [m x000000010000x0000000dbffff
[   00000] Inmem tu nod0 mem 000000000001000-0x000000005dbeffff]
[  000000] API: PTier  Prt: 0x48
[  .0000]IOAP[0: ap_i 3, rson 3 address 0xfec0000, GSI-2
[  00000] CPI:NTSRC_R bus 0 bus_irq 0 glob_iq 2 dfl dfl)
[  0000000ACI: IT_SRCOVR us 0usirq glbal_q  lowevl)
[    0.000000] Using ACPI (MADT) for SMP configuration information
[  0.000] smoo: Alwig 3 CPUs, 0 hotplug CPUs
[    0.000000] PM: Registered nosave memory: [mem 0x00000000-0x00000fff]
[    0.000000] PM: Registered nosave memory: [mem 0x0009f000-0x00fff]
[   .00000] PM: Registered nosave memo: [mem 0x000a0000-0x000effff]
[    0.000000] PM: Registered noave memory: [mem 0x000f0000-0x000fffff]
[    0.000000] e820: [mem 0x5dc00000-0xfebfffff] available for PCI devices
[    0.000000] Booting paravirtualized kernel on KVM
[    0.000000] clocksource: refined-jiffies: mask: 0xffffffff max_cycles: 0xffffffff, max_idle_ns: 7645519600211568 ns
[    0.000000] setup_percpu: NR_CPUS:512 nr_cpumask_bits:512 nr_cpu_ids:3 nr_node_ids:1
[    0.000000] PERCPU: Embedded 34 pages/cpu @ffff88005d800000 s99608 r8192 d31464 u524288
[    0.000000] PV qspinlock hash table entries: 256 (order: 0, 4096 bytes)
[    0.000000] Built 1 zonelistinNode ord, obily roupg n.  Total pages37864
[  0.0000]Poli zne: A3
[  00000] ernel command line: BOOT_IMAGE=/boot/vmlinuz-4.4.0-140-generic root=LABEL=cloudimg-rootfs ro console=tty1 console=ttyS0
[  00000] ID hh ablenties:09 (orr:3, 368byte
    00000]emry: 7696K/3544K aiable (64 kerl ode,31K rwdata, 4008roata,52K ini 116K bss, 58748K reserved, 0K cma-reserved)
[  00000] LUB: HWalign=64, Order=0-3, MinObjects=0, CPUs=3, Nodes=1
[  0.000000] Kernel/User page tables isolation: enabled
[    0.000000] Hierarchical RCU implementatio.
[  .0000]	Build-time adjustment of leaf fanout to 64.
[  0000000	RU reriting CPUs from NR_CPU51 to _cu_ids=3.
[  00000] CU: Adjting geometry for rcu_not_le=6, nrpuids=
[    0.000000] NR_IRQS:33024 nr_irqs:448 16
[   0.000000] Console: colour VGA+ 80x25
[  0000000] conso [ty1]naled    0.000000] nsle [yS] enle
[    0.000000] tsc: Detected 1799.999 MHz processor
[   16.977734] Calibrating delay loop (skipped) preset value.. 3599.99 BogoMIPS (lpj=7199996)
[   17.039725] pid_max: default: 32768 minimum: 301
[   17.090083] ACPI: Core revision 20150930
[   17.099176] ACPI: 2 ACPI AML tables successfully acquired and loaded
[   17.180487] Security Framework initialized
[   17.215459] Yama: becoming mindful.
[   17.236401] AppArmor: AppArmor initialized
[   17.308016] Dentry cache hash table entries: 262144 (order: 9, 2097152 bytes)
[   17.344181] Inode-cache hash table entries: 131072 (order: 8, 1048576 bytes)
[   17.382665] Mount-cache hash table entries: 4096 (order: 3, 32768 bytes)
[   17.488293] Mountpoint-cache hash table entries: 4096 (order: 3, 32768 bytes)
[   17.539182] Initializing cgroup subsys io
[   17.554234] Initializing cgroup subsys memory
[   17.602937] Initializing cgroup subsys devices
[   17.627058] Initializing cgroup subsys freezer
[   17.630794] Initializing cgroup subsys net_cls
[   17.631862] Initializing cgroup subsys perf_event
[   17.632948] Initializing cgroup subsys net_prio
[   17.634039] Initializing cgroup subsys hugetlb
[   17.635093] Initializing cgroup subsys pids
[   17.637802] mce: CPU supports 0 MCE banks
[   17.638809] Last level iTLB entries: 4KB 64, 2MB 8, 4MB 8
[   17.660190] Last level dTLB entries: 4KB 64, 2MB 0, 4MB 0, 1GB 4
[   17.709368] Spectre V2 : Mitigation: Full generic retpoline
[   17.710616] Spectre V2 : Spectre v2 mitigation: Speculation control IBPB not-supported IBRS not-supported
[   17.712458] Spectre V2 : Spectre v2 / SpectreRSB mitigation: Filling RSB on context switch
[   17.882134] Speculative Store Bypass: Vulnerable
[   17.939056] Freeing SMP alternatives memory: 32K
[   17.994862] ftrace: allocating 32287 entries in 127 pages
[   18.138511] smpboot: APIC(0) Converting physical 0 to logical package 0
[   18.160818] smpboot: Max logical packages: 1
[   18.168675] x2apic enabled
[   18.243086] Switched APIC routing to physical x2apic.
[   18.245708] ..TIMER: vector=0x30 apic1=0 pin1=2 apic2=-1 pin2=-1
[ 18.502357] smpboot: CPU0: Intel(R) Core(TM) i5-8250U CPU @ 1.60GHz (family: 0x6, model: 0x8e, stepping: 0xa)
[   18.751776] Performance Events: unsupported p6 CPU model 142 no PMU driver, software events only.
[   18.980006] KVM setup paravirtual spinlock
[   19.013484] x86: Booting SMP configuration:
[   19.027663] .... node  #0, CPUs:      #1
[   19.061956] kvm-clock: cpu 1, msr 0:5dbe3041, secondary cpu clock
[   19.155139] mce: CPU supports 0 MCE banks
[   19.197767]  #2
[   19.204701] kvm-clock: cpu 2, msr 0:5dbe3081, secondary cpu clock
[   19.295666] mce: CPU supports 0 MCE banks
[   19.412150] x86: Booted up 1 node, 3 CPUs
[   19.427078] smpboot: Total of 3 processors activated (10799.99 BogoMIPS)
[   19.626139] devtmpfs: initialized
[   19.673133] evm: security.selinux
[   19.696292] evm: security.SMACK64
[   19.697239] evm: security.SMACK64EXEC
[   19.756542] evm: security.SMACK64TRANSMUTE
[   19.777084] evm: security.SMACK64MMAP
[   19.778023] evm: security.ima
[   19.778833] evm: security.capability
[   19.780030] clocksource: jiffies: mask: 0xffffffff max_cycles: 0xffffffff, max_idle_ns: 7645041785100000 ns
[   20.065060] futex hash table entries: 1024 (order: 4, 65536 bytes)
[   20.207296] pinctrl core: initialized pinctrl subsystem
[   20.260171] RTC time: 15:05:27, date: 12/31/18
[   20.261677] NET: Registered protocol family 16
[   20.318422] cpuidle: using governor ladder
[   20.393603] cpuidle: using governor menu
[   20.500293] PCCT header not found.
[   20.594084] ACPI: bus type PCI registered
[   20.652759] acpiphp: ACPI Hot Plug PCI Controller Driver version: 0.5
[   20.727582] PCI: Using configuration type 1 for base access
[   20.903127] ACPI: Added _OSI(Module Device)
[   20.968983] ACPI: Added _OSI(Processor Device)
[   21.025528] ACPI: Added _OSI(3.0 _SCP Extensions)
[   21.124046] ACPI: Added _OSI(Processor Aggregator Device)
[   21.171430] ACPI: Executed 1 blocks of module-level executable AML code
[   21.257956] ACPI: Interpreter enabled
[   21.265041] ACPI: (supports S0 S5)
[   21.387012] ACPI: Using IOAPIC for interrupt routing
[   21.521895] PCI: Using host bridge windows from ACPI; if necessary, use "pci=nocrs" and report a bug
[   21.696106] ACPI: PCI Root Bridge [PCI0] (domain 0000 [bus 00-ff])
[   21.729488] acpi PNP0A03:00: _OSC: OS supports [ASPM ClockPM Segments MSI]
[   21.875180] acpi PNP0A03:00: _OSC: not requesting OS control; OS requires [ExtendedConfig ASPM ClockPM MSI]
[   22.118588] acpi PNP0A03:00: fail to add MMCONFIG information, can't access extended PCI configuration space under this bridge.
[   22.449789] PCI host bridge to bus 0000:00
[   22.508724] pci_bus 0000:00: root bus resource [io  0x0000-0x0cf7 window]
[   22.595479] pci_bus 0000:00: root bus resource [io  0x0d00-0xffff window]
[   22.664783] pci_bus 0000:00: root bus resource [mem 0x000a0000-0x000bffff window]
[   22.666629] pci_bus 0000:00: root bus resource [mem 0x5dc00000-0xfdffffff window]
[   22.681953] pci_bus 0000:00: root bus resource [bus 00-ff]
[   22.755602] pci 0000:00:01.1: legacy IDE quirk: reg 0x10: [io  0x01f0-0x01f7]
[   22.939356] pci 0000:00:01.1: legacy IDE quirk: reg 0x14: [io  0x03f6]
[   23.080008] pci 0000:00:01.1: legacy IDE quirk: reg 0x18: [io  0x0170-0x0177]
[   23.081508] pci 0000:00:01.1: legacy IDE quirk: reg 0x1c: [io  0x0376]
[   23.116491] pci 0000:00:07.0: quirk: [io  0x4000-0x403f] claimed by PIIX4 ACPI
[   23.309645] pci 0000:00:07.0: quirk: [io  0x4100-0x410f] claimed by PIIX4 SMB
[   23.343797] ACPI: PCI Interrupt Link [LNKA] (IRQs 5 9 10 *11)
[   23.440795] ACPI: PCI Interrupt Link [LNKB] (IRQs 5 9 *10 11)
[   23.450899] ACPI: PCI Interrupt Link [LNKC] (IRQs 5 *9 10 11)
[   23.452780] ACPI: PCI Interrupt Link [LNKD] (IRQs 5 9 10 *11)
[   23.456222] ACPI: Enabled 2 GPEs in block 00 to 07
[   23.465465] vgaarb: setting as boot device: PCI:0000:00:02.0
[   23.566902] vgaarb: device added: PCI:0000:00:02.0,decodes=io+mem,owns=io+mem,locks=none
[   23.765973] vgaarb: loaded
[   23.773224] vgaarb: bridge control possible 0000:00:02.0
[   23.847340] SCSI subsystem initialized
[   23.937013] ACPI: bus type USB registered
[   23.938242] usbcore: registered new interface driver usbfs
[   23.972010] usbcore: registered new interface driver hub
[   24.007487] usbcore: registered new device driver usb
[   24.050796] PCI: Using ACPI for IRQ routing
[   24.072540] NetLabel: Initializing
[   24.131104] NetLabel:  domain hash size = 128
[   24.216074] NetLabel:  protocols = UNLABELED CIPSOv4
[   24.243067] NetLabel:  unlabeled traffic allowed by default
[   24.303694] amd_nb: Cannot enumerate AMD northbridges
[   24.436919] clocksource: Switched to clocksource kvm-clock
[   .602 AArr:ppmoFilesystem Enabled
[   25.031608] pnp: PnP ACPI init
[   .033700] pnp: PnP ACPI: found 3 devices
[   25.099578] clocksource: acpi_pm: mask: 0xffffff max_cycles: 0xffffff, max_idle_ns: 2085701024 ns
[   25.101704] NET: Registered protocol family 2
[    25.102899] TCP established hash table entries: 16384 (order: 5, 131072 bytes)
[   25.104941] TCP bind hash table entries: 16384 (order: 6, 262144 tes)
[  25.921 T: shabl cfire(eabsh 184in164)[ 265998 U hh blenie 14 rd:  368yt)  6.07] P-Li hh blentrie: 24orr:, 32768 bytes)
[ 27.619114NE Ristered protocofaly
  28.051 pci 00::00:imindire P/P tnsrs[  28070pc00:0010: AcvangSAMAanwoarnd
[ 29374]npki itrfs.
[   30.319623] Freeing initrd memory: 14804K
[   30.424252] platform rtc_cmos: registered platform RTC device (no PNP device found)
[   30.536688] Scanning for low memory corruption every 60 seconds
[   30.642434] audit: initializing netlink subsys (disabled)
[   30.758338] audit: type=2000 audit(1546268720.107:1): initialized
[   30.841285] Initialise system trusted keyring
[   30.842668] HugeTLB registered 2 MB page size, pre-allocated 0 pages
[   30.898075] zbud: loaded
[   30.986875] VFS: Disk quotas dquot_6.6.0
[   31.056681] VFS: Dquot-cache hash table entries: 512 (order 0, 4096 bytes)
[   31.115715] squashfs: version 4.0 (2009/01/31) Phillip Lougher
[   1.1439] seni(A vsio7.)
[   31.617200] tsc: Refined TSC clocksource calibration: 1800.132 MHz
[   31.681714] clocksource: tsc: mask: 0xffffffffffffffff max_cycles: 0x19f2a63ebe0, max_idle_ns: 440795213616 ns
[   31.743493] Key type big_key registered
[   31.805962] Allocating IMA MOK and blacklist keyrings.
[   31.902556] Key type asymmetric registered
[   31.903570] Asymmetric key parser 'x509' registered
[   31.904739] Block layer SCSI generic (bsg) driver version 0.4 loaded (major 249)
[   31.913806] io scheduler noop registered
[   31.946054] io scheduler deadline registered (default)
[   31.981521] io scheduler cfq registered
[   31.982579] pci_hotplug: PCI Hot Plug PCI Core version: 0.5
[   31.983816] pciehp: PCI Express Hot Plug Controller Driver version: 0.4
[   31.985696] ACPI: AC Adapter [AC] (on-line)
[   31.986770] input: Power Button as /devices/LNXSYSTM:00/LNXPWRBN:00/input/input0
[   31.988564] ACPI: Power Button [PWRF]
[   31.989627] input: Sleep Button as /devices/LNXSYSTM:00/LNXSLPBN:00/input/input1
[   32.000435] ACPI: Sleep Button [SLPF]
[   32.017176] ACPI: Battery Slot [BAT0] (battery present)
[   32.017262] GHES: HEST is not enabled!
[   32.017357] Serial: 8250/16550 driver, 32 ports, IRQ sharing enabled
[   32.088718] 00:02: ttyS0 at I/O 0x3f8 (irq = 4, base_baud = 115200) is a 16550A
[   32.103965] Linux agpgart interface v0.103
[   32.142369] loop: module loaded
[   32.143211] scsi host0: ata_piix
[   32.143559] scsi host1: ata_piix
[   32.143595] ata1: PATA max UDMA/33 cmd 0x1f0 ctl 0x3f6 bmdma 0xd000 irq 14
[   32.143596] ata2: PATA max UDMA/33 cmd 0x170 ctl 0x376 bmdma 0xd008 irq 15
[   32.143675] libphy: Fixed MDIO Bus: probed
[   32.143677] tun: Universal TUN/TAP device driver, 1.6
[   32.143678] tun: (C) 1999-2004 Max Krasnyansky <maxk@qualcomm.com>
[   32.143734] PPP generic driver version 2.4.2
[   32.144060] ehci_hcd: USB 2.0 'Enhanced' Host Controller (EHCI) Driver
[   32.144066] ehci-pci: EHCI PCI platform driver
[   32.144081] ehci-platform: EHCI generic platform driver
[   32.144089] ohci_hcd: USB 1.1 'Open' Host Controller (OHCI) Driver
[   32.144092] ohci-pci: OHCI PCI platform driver
[   32.144099] ohci-platform: OHCI generic platform driver
[   32.144106] uhci_hcd: USB Universal Host Controller Interface driver
[   32.144157] i8042: PNP: PS/2 Controller [PNP0303:PS2K,PNP0f03:PS2M] at 0x60,0x64 irq 1,12
[   32.144886] serio: i8042 KBD port at 0x60,0x64 irq 1
[   32.144890] serio: i8042 AUX port at 0x60,0x64 irq 12
[   32.145020] mousedev: PS/2 mouse device common for all mice
[   32.145342] rtc_cmos rtc_cmos: rtc core: registered rtc_cmos as rtc0
[   32.145403] rtc_cmos rtc_cmos: alarms up to one day, 114 bytes nvram
[   32.145410] i2c /dev entries driver
[   32.145475] device-mapper: uevent: version 1.0.3
[   32.145530] device-mapper: ioctl: 4.34.0-ioctl (2015-10-28) initialised: dm-devel@redhat.com
[   32.145550] ledtrig-cpu: registered to indicate activity on CPUs
[   32.146433] NET: Registered protocol family 10
[   32.146557] input: AT Translated Set 2 keyboard as /devices/platform/i8042/serio0/input/input2
[   32.146803] NET: Registered protocol family 17
[   32.146815] Key type dns_resolver registered
[   32.147054] registered taskstats version 1
[   32.147066] Loading compiled-in X.509 certificates
[   32.147549] Loaded X.509 cert 'Build time autogenerated kernel key: 2b5438463a545abf193c13ead155e0657f6c69dd'
[   32.147565] zswap: loaded using pool lzo/zbud
[   32.170151] Key type trusted registered
[   32.174876] Key type encrypted registered
[   32.174884] AppArmor: AppArmor sha1 policy hashing enabled
[   32.174886] ima: No TPM chip found, activating TPM-bypass!
[   32.174892] ima: Allocated hash algorithm: sha1
[   32.174906] evm: HMAC attrs: 0x1
[   32.175566]   Magic number: 14:471:84
[   32.213942] rtc_cmos rtc_cmos: setting system clock to 2018-12-31 15:05:38 UTC (1546268738)
[   32.214187] BIOS EDD facility v0.16 2004-Jun-25, 0 devices found
[   32.214187] EDD information not available.
[   33.299399] Freeing unused kernel memory: 1528K
[   33.325241] Write protecting the kernel read-only data: 14336k
[   33.334061] Freeing unused kernel memory: 1664K
[   33.335405] Freeing unused kernel memory: 88K
Loading, please [   33.350954] random: systemd-udevd: uninitialized urandom read (16 bytes read, 7 bits of entropy available)
wait...
starting version 229
[   33.351768] random: udevadm: uninitialized urandom read (16 bytes read, 7 bits of entropy available)
[   33.351784] random: udevadm: uninitialized urandom read (16 bytes read, 7 bits of entropy available)
[   33.360813] random: udevadm: uninitialized urandom read (16 bytes read, 7 bits of entropy available)
[   33.360854] random: udevadm: uninitialized urandom read (16 bytes read, 7 bits of entropy available)
[   33.361117] random: udevadm: uninitialized urandom read (16 bytes read, 7 bits of entropy available)
[   33.361170] random: udevadm: uninitialized urandom read (16 bytes read, 7 bits of entropy available)
[   33.361217] random: udevadm: uninitialized urandom read (16 bytes read, 7 bits of entropy available)
[   33.361264] random: udevadm: uninitialized urandom read (16 bytes read, 7 bits of entropy available)
[   33.361308] random: udevadm: uninitialized urandom read (16 bytes read, 7 bits of entropy available)
[   34.352944] e1000: Intel(R) PRO/1000 Network Driver - version 7.3.21-k8-NAPI
[   34.439718] e1000: Copyright (c) 1999-2006 Intel Corporation.
[   34.456178] Fusion MPT base driver 3.04.20
[   34.463837] Copyright (c) 1999-2008 LSI Corporation
[   34.483158] Fusion MPT SPI Host driver 3.04.20
[   34.484404] AVX2 version of gcm_enc/dec engaged.
[   34.485725] AES CTR mode by8 optimization enabled
[   34.699171] input: ImExPS/2 Generic Explorer Mouse as /devices/platform/i8042/serio1/input/input4
[   34.847717] e1000 0000:00:03.0 eth0: (PCI:33MHz:32-bit) 02:b4:5c:5b:e6:80
[   34.966238] e1000 0000:00:03.0 eth0: Intel(R) PRO/1000 Network Connection
[   35.478999] e1000 0000:00:08.0 eth1: (PCI:33MHz:32-bit) 08:00:27:0c:b2:dd
[   36.470309] e1000 0000:00:08.0 eth1: Intel(R) PRO/1000 Network Connection
[   36.536459] mptbase: ioc0: Initiating bringup
[   37.274960] ioc0: LSI53C1030 A0: Capabilities={Initiator}
[   38.433189] scsi host2: ioc0: LSI53C1030 A0, FwRev=00000000h, Ports=1, MaxQ=256, IRQ=20
[   38.724001] scsi 2:0:0:0: Direct-Access     VBOX     HARDDISK         1.0  PQ: 0 ANSI: 5
[   38.842484] scsi target2:0:0: Beginning Domain Validation
[   39.099037] e1000 0000:00:09.0 eth2: (PCI:33MHz:32-bit) 08:00:27:0e:41:81
[   39.099041] e1000 0000:00:09.0 eth2: Intel(R) PRO/1000 Network Connection
[   39.295646] scsi target2:0:0: Domain Validation skipping write tests
[   39.322175] scsi target2:0:0: Ending Domain Validation
[   39.323658] scsi target2:0:0: asynchronous
[   39.331235] scsi 2:0:1:0: Direct-Access     VBOX     HARDDISK         1.0  PQ: 0 ANSI: 5
[   39.389628] scsi target2:0:1: Beginning Domain Validation
[   39.400122] scsi target2:0:1: Domain Validation skipping write tests
[   39.475427] scsi target2:0:1: Ending Domain Validation
[   39.479396] e1000 0000:00:0a.0 eth3: (PCI:33MHz:32-bit) 08:00:27:23:92:19
[   39.479399] e1000 0000:00:0a.0 eth3: Intel(R) PRO/1000 Network Connection
[   39.496940] e1000 0000:00:08.0 enp0s8: renamed from eth1
[   39.572654] scsi target2:0:1: asynchronous
[   39.699003] sd 2:0:0:0: Attached scsi generic sg0 type 0
[   39.699287] sd 2:0:0:0: [sda] 20971520 512-byte logical blocks: (10.7 GB/10.0 GiB)
[   39.699431] sd 2:0:0:0: [sda] Write Protect is off
[   39.699521] sd 2:0:0:0: [sda] Incomplete mode parameter data
[   39.699522] sd 2:0:0:0: [sda] Assuming drive cache: write through
[   39.701281] e1000 0000:00:0a.0 enp0s10: renamed from eth3
[   39.702259]  sda: sda1
[   39.702984] sd 2:0:0:0: [sda] Attached SCSI disk
[   39.861955] sd 2:0:1:0: Attached scsi generic sg1 type 0
[   39.862379] sd 2:0:1:0: [sdb] 20480 512-byte logical blocks: (10.5 MB/10.0 MiB)
[   39.862753] sd 2:0:1:0: [sdb] Write Protect is off
[   39.863058] sd 2:0:1:0: [sdb] Incomplete mode parameter data
[   39.863059] sd 2:0:1:0: [sdb] Assuming drive cache: write through
[   39.888481] sd 2:0:1:0: [sdb] Attached SCSI disk
[   40.561288] e1000 0000:00:09.0 enp0s9: renamed from eth2
[   40.626378] e1000 0000:00:03.0 enp0s3: renamed from eth0
Begin: Loading e[   42.178166] md: linear personality registered for level -1
ssential drivers ... [   42.216236] md: multipath personality registered for level -4
[   42.226483] md: raid0 personality registered for level 0
[   42.328351] md: raid1 personality registered for level 1
[   42.424959] raid6: sse2x1   gen()  9728 MB/s
[   42.609797] raid6: sse2x1   xor()  8253 MB/s
[   42.745430] raid6: sse2x2   gen() 13106 MB/s
[   42.885317] raid6: sse2x2   xor()  9493 MB/s
[   43.068989] raid6: sse2x4   gen() 15233 MB/s
[   43.249494] raid6: sse2x4   xor() 10661 MB/s
[   43.396936] raid6: avx2x1   gen() 19724 MB/s
[   43.505208] raid6: avx2x2   gen() 24274 MB/s
[   43.593069] raid6: avx2x4   gen() 27693 MB/s
[   43.622571] raid6: using algorithm avx2x4 gen() 27693 MB/s
[   43.703982] raid6: using avx2x2 recovery algorithm
[   43.826125] xor: automatically using best checksumming function:
[   43.912998]    avx       : 22900.000 MB/sec
[   43.915436] async_tx: api initialized (async)
[   43.922838] md: raid6 personality registered for level 6
[   43.924633] md: raid5 personality registered for level 5
[   43.985971] md: raid4 personality registered for level 4
[   44.051427] md: raid10 personality registered for level 10
done.
Begin: Running /scripts/init-pre[   44.092174] Btrfs loaded
mount ... done.
Begin: Mounting root file system ... Begin: Running /scripts/local-top ... done.
Begin: Running /scripts/local-premount ... Scanning for Btrfs filesystems
done.
Warning: fsck no[   44.159439] EXT4-fs (sda1): INFO: recovery required on readonly filesystem
t present, so sk[   44.212659] EXT4-fs (sda1): write access will be enabled during recovery
ipping root file system
[   44.647258] random: nonblocking pool is initialized
[   45.577872] EXT4-fs (sda1): recovery complete
[   45.722987] EXT4-fs (sda1): mounted filesystem with ordered data mode. Opts: (null)
done.
Begin: Running /scripts/local-bottom ... done.
Begin: Running /scripts/init-bottom ... done.
[   46.962102] systemd[1]: systemd 229 running in system mode. (+PAM +AUDIT +SELINUX +IMA +APPARMOR +SMACK +SYSVINIT +UTMP +LIBCRYPTSETUP +GCRYPT +GNUTLS +ACL +XZ -LZ4 +SECCOMP +BLKID +ELFUTILS +KMOD -IDN)
[   47.102376] systemd[1]: Detected virtualization oracle.
[   47.103822] systemd[1]: Detected architecture x86-64.

Welcome to [1mUbuntu 16.04.5 LTS[0m!

[  47.2641 stemd]:etosamtoubun-xia>.
[   48.831606] systemd[1]: Listening on Syslog Socket.
[[0;32m  OK  [0m] Listening on Syslog Socket.
[   48.991332] systemd[1]: Started Trigger resolvconf update for networkd DNS.
[[0;32m  OK  [0m] Started Trigger resolvconf update for networkd DNS.
[   49.182141] systemd[1]: Reached target Swap.
[[0;32m  OK  [0m] Reached target Swap.
[   49.309482] systemd[1]: Listening on udev Control Socket.
[[0;32m  OK  [0m] Listening on udev Control Socket.
[   49.377390] systemd[1]: Set up automount Arbitrary Executable File Formats File System Automount Point.
[[0;32m  OK  [0m] Set up automount Arbitrary Executab...ats File System Automount Point.
[   49.641927] systemd[1]: Listening on LVM2 metadata daemon socket.
[[0;32m  OK  [0m] Listening on LVM2 metadata daemon socket.
[   49.786183] systemd[1]: Created slice System Slice.
[[0;32m  OK  [0m] Created slice System Slice.
[   49.875142] systemd[1]: Created slice User and Session Slice.
[[0;32m  OK  [0m] Created slice User and Session Slice.
[   50.057631] systemd[1]: Reached target Slices.
[[0;32m  OK  [0m] Reached target Slices.
[   50.309857] systemd[1]: Started Forward Password Requests to Wall Directory Watch.
[[0;32m  OK  [0m] Started Forward Password Requests to Wall Directory Watch.
[   50.417491] systemd[1]: Listening on Journal Audit Socket.
[[0;32m  OK  [0m] Listening on Journal Audit Socket.
[   50.569562] systemd[1]: Listening on Device-mapper event daemon FIFOs.
[[0;32m  OK  [0m] Listening on Device-mapper event daemon FIFOs.
[   50.789694] systemd[1]: Listening on Journal Socket.
[[0;32m  OK  [0m] Listening on Journal Socket.
[   51.025589] systemd[1]: Starting Nameserver information manager...
         Starting Nameserver information manager...
[   51.161474] systemd[1]: Starting Remount Root and Kernel File Systems...
         Starting Remount Root and Kernel File Systems...
[   51.203418] systemd[1]: Starting Create list of required static device nodes for the current kernel...
[   51.210495] EXT4-fs (sda1): re-mounted. Opts: (null)
         Starting Create list of required st... nodes for the current kernel...
[   51.214737] systemd[1]: Listening on udev Kernel Socket.
[[0;32m  OK  [0m] Listening on udev Kernel Socket.
[   51.237806] systemd[1]: Reached target System Time Synchronized.
[[0;32m  OK  [0m] Reached target System Time Synchronized.
[   51.265120] systemd[1]: Starting Monitoring of LVM2 mirrors, snapshots etc. using dmeventd or progress polling...
         Starting Monitoring of LVM2 mirrors... dmeventd or progress polling...
[   51.533183] systemd[1]: Starting Load Kernel Modules...
         Starting Load Kernel Modules...
[   51.597326] systemd[1]: Listening on LVM2 poll daemon socket.
[   51.714143] Loading iSCSI transport class v2.0-870.
[[0;32m  OK  [0m] Listening on LVM2 poll daemon socket.
[   51.768060] iscsi: registered transport (tcp)
[   51.773859] systemd[1]: Mounting POSIX Message Queue File System...
         Mounting POSIX Message Queue File System...
[   52.049100] systemd[1]: Starting Set console keymap...
         Starting Set console keymap...
[   52.165964] systemd[1]: Reached target Encrypted Volumes.
[[0;32m  OK  [0m] Reached target Encrypted Volumes.
[   52.173355] systemd[1]: Mounting Debug File System...
         Mounting Debug File System...
[   52.175592] systemd[1]: Listening on /dev/initctl Compatibility Named Pipe.
[[0;32m  OK  [0m] Listening on /dev/initctl Compatibility Named Pipe.
[   52.196151] systemd[1]: Created slice system-serial\x2dgetty.slice.
[[0;32m  OK  [0m] Created slice system-serial\x2dgetty.slice.
[   52.206004] systemd[1]: Reached target User and Group Name Lookups.
[[0;32m  OK  [[   52.330200] iscsi: registered transport (iser)
0m] Reached target User and Group Name Lookups.
[   52.807253] systemd[1]: Listening on Journal Socket (/dev/log).
[[0;32m  OK  [0m] Listening on Journal Socket (/dev/log).
[   52.997568] systemd[1]: Starting Journal Service...
         Starting Journal Service...
[   53.169157] systemd[1]: Mounting Huge Pages File System...
         Mounting Huge Pages File System...
[   53.297096] systemd[1]: Starting Uncomplicated firewall...
         Starting Uncomplicated firewall...
[   53.445888] systemd[1]: Mounted Debug File System.
[[0;32m  OK  [0m] Mounted Debug File System.
[   53.493628] systemd[1]: Mounted POSIX Message Queue File System.
[[0;32m  OK  [0m] Mounted POSIX Message Queue File System.
[   53.673636] systemd[1]: Mounted Huge Pages File System.
[[0;32m  OK  [0m] Mounted Huge Pages File System.
[   53.848413] systemd[1]: Started Journal Service.
[[0;32m  OK  [0m] Started Journal Service.
[[0;32m  OK  [0m] Started Remount Root and Kernel File Systems.
[[0;32m  OK  [0m] Started Create list of required sta...ce nodes for the current kernel.
[[0;32m  OK  [0m] Started Load Kernel Modules.
[[0;32m  OK  [0m] Started Set console keymap.
[[0;32m  OK  [0m] Started Uncomplicated firewall.
[[0;32m  OK  [0m] Started Nameserver information manager.
[[0;32m  OK  [0m] Started LVM2 metadata daemon.
         Mounting FUSE Control File System...
         Starting Apply Kernel Variables...
         Starting Create Static Device Nodes in /dev...
         Starting Load/Save Random Seed...
         Starting udev Coldplug all Devices...
         Starting Flush Journal to Persistent Storage...
[[0;32m  OK  [0m] Mounted FUSE Control File System.
[[0;32m  OK  [0m] Started Monitoring of LVM2 mirrors,...ng dmeventd or progress polling.
[[0;32m  OK  [0m] Started Apply Kernel Variables.
[[0;32m  OK  [0m] Started Create Static Device Nodes in /dev.
[[0;32m  OK  [0m] Started Load/Save Random Seed.
[[0;32m  OK  [0m] Started udev Coldplug all Devices.
         Starting udev Kernel Device Manager...
[[0;32m  OK  [0m] Reached target Local File Systems (Pre).
[[0;32m  OK  [0m] Reached target Local File Systems.
         Starting Initial cloud-init job (pre-networking)...
         Starting Set console font and keymap...
         Starting Tell Plymouth To Write Out Runtime Data...
         Starting LSB: AppArmor initialization...
[[0;32m  OK  [0m] Started Flush Journal to Persistent Storage.
[[0;32m  OK  [0m] Started Tell Plymouth To Write Out Runtime Data.
         Starting Create Volatile Files and Directories...
[[0;32m  OK  [0m] Started Create Volatile Files and Directories.
[[0;32m  OK  [0m] Started Set console font and keymap.
[[0;32m  OK  [0m] Created slice system-getty.slice.
         Starting Update UTMP about System Boot/Shutdown...
[[0;32m  OK  [0m] Started Update UTMP about System Boot/Shutdown.
[[0;32m  OK  [0m] Started udev Kernel Device Manager.
[[0;32m  OK  [0m] Started LSB: AppArmor initialization.
[[0;32m  OK  [0m] Started Dispatch Password Requests to Console Directory Watch.
[[0;32m  OK  [0m] Found device /dev/ttyS0.
[[0;32m  OK  [0m] Listening on Load/Save RF Kill Switch Status /dev/rfkill Watch.
[[0;32m  OK  [0m] Found device 82540EM Gigabit Ethern...r (PRO/1000 MT Desktop Adapter).
[[0;32m  OK  [0m] Found device 82540EM Gigabit Ethern...r (PRO/1000 MT Desktop Adapter).
[   38.307808] cloud-init[472]: Cloud-init v. 18.4-0ubuntu1~16.04.2 running 'init-local' at Mon, 31 Dec 2018 15:06:07 +0000. Up 37.65 seconds.
[[0;32m  OK  [0m] Started Initial cloud-init job (pre-networking).
[[0;32m  OK  [0m] Reached target Network (Pre).
[[0;32m  OK  [0m] Started ifup for enp0s8.
         Starting Raise network interfaces...
[[0;32m  OK  [0m] Started ifup for enp0s3.
[[0;32m  OK  [0m] Started Raise network interfaces.
[[0;32m  OK  [0m] Reached target Network.
         Starting Initial cloud-init job (metadata service crawler)...
[   39.988115] cloud-init[1159]: Cloud-init v. 18.4-0ubuntu1~16.04.2 running 'init' at Mon, 31 Dec 2018 15:06:09 +0000. Up 39.43 seconds.
[   40.152856] [cloud-init[0;32m  OK  [0m[1159]: ] ci-info: +++++++++++++++++++++++++++++++++++++++Net device info++++++++++++++++++++++++++++++++++++++++Started Initial cloud-init job (metadata service crawler).

[   40.429414] [cloud-init[0;32m  OK  [0m[1159]: ] ci-info: +---------+-------+-----------------------------+---------------+--------+-------------------+Reached target Network is Online.

[   40.593061]          cloud-initStarting iSCSI initiator daemon (iscsid)...[1159]: 
ci-info: |  Device |   Up  |           Address           |      Mask     | Scope  |     Hw-Address    |
[   40.806990] [cloud-init[0;32m  OK  [0m[1159]: ] ci-info: +---------+-------+-----------------------------+---------------+--------+-------------------+Reached target Cloud-config availability.

[[0;32m  OK  [0m] Reached target System Initialization.
[   40.807638] cloud-init[1159]: ci-info: | enp0s10 | False |              .              |       .       |   .    | 08:00:27:23:92:19 |
         Starting LXD - unix socket.
[[0;32m  OK  [0m] Listening on D-Bus System Message Bus Socket.
         Starting Socket activation for snappy daemon.
[   41.030212] cloud-init[1159]: ci-info: |  enp0s3 |  True |         192.168.0.7         | 255.255.255.0 | global | 02:b4:5c:5b:e6:80 |
[[0;32m  OK  [0m] Listening on ACPID Listen Socket.
[   41.258453] [cloud-init[0;32m  OK  [0m[1159]: ] ci-info: |  enp0s3 |  True |  fe80::b4:5cff:fe5b:e680/64 |       .       |  link  | 02:b4:5c:5b:e6:80 |Started Daily apt download activities.

[   41.852909] [cloud-init[0;32m  OK  [0m[1159]: ] ci-info: |  enp0s8 |  True |          10.0.3.15          | 255.255.255.0 | global | 08:00:27:0c:b2:dd |Started Daily Cleanup of Temporary Directories.

[   42.080935] [cloud-init[0;32m  OK  [0m[1159]: ] ci-info: |  enp0s8 |  True | fe80::a00:27ff:fe0c:b2dd/64 |       .       |  link  | 08:00:27:0c:b2:dd |Started ACPI Events Check.

[   42.285098] [cloud-init[0;32m  OK  [0m[1159]: ] ci-info: |  enp0s9 | False |              .              |       .       |   .    | 08:00:27:0e:41:81 |Reached target Paths.

[   42.840397] [cloud-init[0;32m  OK  [0m[1159]: ] ci-info: |    lo   |  True |          127.0.0.1          |   255.0.0.0   |  host  |         .         |Listening on UUID daemon activation socket.

[   43.104724] [cloud-init[0;32m  OK  [0m[1159]: ] ci-info: |    lo   |  True |           ::1/128           |       .       |  host  |         .         |Started Daily apt upgrade and clean activities.

[   43.333301] [cloud-init[0;32m  OK  [0m[1159]: ] ci-info: +---------+-------+-----------------------------+---------------+--------+-------------------+Reached target Timers.

[   43.544427] [cloud-init[0;32m  OK  [0m[1159]: ] ci-info: +++++++++++++++++++++++++++Route IPv4 info+++++++++++++++++++++++++++Listening on LXD - unix socket.

[   43.744478] [cloud-init[0;32m  OK  [0m[1159]: ] ci-info: +-------+-------------+---------+---------------+-----------+-------+Listening on Socket activation for snappy daemon.

[   43.940668] [cloud-init[0;32m  OK  [0m[1159]: ] ci-info: | Route | Destination | Gateway |    Genmask    | Interface | Flags |Started iSCSI initiator daemon (iscsid).

[   44.121698]          cloud-initStarting Login to default iSCSI targets...[1159]: 
ci-info: +-------+-------------+---------+---------------+-----------+-------+
[   44.333238] [cloud-init[0;32m  OK  [0m[1159]: ] ci-info: |   0   |   10.0.3.0  | 0.0.0.0 | 255.255.255.0 |   enp0s8  |   U   |Reached target Sockets.

[[0;32m  OK  [0m] Reached target Basic System.
[   44.505589] cloud-init[1159]: ci-info: |   1   | 192.168.0.0 | 0.0.0.0 | 255.255.255.0 |   enp0s3  |   U   |
[   44.723204] cloud-init[1159]: ci-info: +-------+-------------+---------+---------------+-----------+-------+
         Starting System Logging Service...
[   44.812692] cloud-init[1159]: ci-info: +++++++++++++++++++Route IPv6 info+++++++++++++++++++
[   45.005290] cloud-init[1159]: ci-info: +-------+-------------+---------+-----------+-------+
[   45.005706] cloud-init[1159]: ci-info: | Route | Destination | Gateway | Interface | Flags |
[[0;32m  OK  [0m] Started Deferred execution scheduler.
[   45.005910] cloud-init[1159]: ci-info: +-------+-------------+---------+-----------+-------+
[   45.413632] cloud-init[1159]: ci-info: |   0   |  fe80::/64  |    ::   |   enp0s8  |   U   |
[   45.414083] cloud-init[1159]: ci-info: |   1   |  fe80::/64  |    ::   |   enp0s3  |   U   |
[[0;32m  OK  [0m] Started D-Bus System Message Bus.
[   45.414260] cloud-init[1159]: ci-info: |   4   |   ff00::/8  |    ::   |   enp0s8  |   U   |
[[   45.757531] cloud-init[1159]: ci-info: |   5   |   ff00::/8  |    ::   |   enp0s3  |   U   |
[   45.758154] cloud-init[1159]: ci-info: +-------+-------------+---------+-----------+-------+
[0;32m  OK  [0m] Started Unattended Upgrades Shutdown.
         Starting Accounts Service...
         Starting /etc/rc.local Compatibility...
[[0;32m  OK  [0m] Started FUSE filesystem for LXC.
[[0;32m  OK  [0m] Started ACPI event daemon.
         Starting LSB: Record successful boot for GRUB...
         Starting Snappy daemon...
         Starting Login Service...
         Starting Virtualbox guest utils...
[[0;32m  OK  [0m] Started Regular background program processing daemon.
         Starting OpenBSD Secure Shell server...
         Starting LSB: MD monitoring daemon...
         Starting LXD - container startup/shutdown...
[[0;32m  OK  [0m] Started System Logging Service.
[[0;32m  OK  [0m] Started /etc/rc.local Compatibility.
         Starting Authenticate and Authorize Users to Run Privileged Tasks...
[[0;32m  OK  [0m] Started LSB: MD monitoring daemon.
[[0;32m  OK  [0m] Started Login to default iSCSI targets.
[[0;32m  OK  [0m] Started Login Service.
[[0;32m  OK  [0m] Reached target Remote File Systems (Pre).
[[0;32m  OK  [0m] Reached target Remote File Systems.
         Starting LSB: daemon to balance interrupts for SMP systems...
         Starting Permit User Sessions...
         Starting LSB: Set the CPU Frequency Scaling governor to "ondemand"...
         Starting LSB: automatic crash report generation...
[[0;32m  OK  [0m] Started LSB: Record successful boot for GRUB.
[[0;32m  OK  [0m] Started Virtualbox guest utils.
[[0;32m  OK  [0m] Started Permit User Sessions.
[[0;32m  OK  [0m] Started Authenticate and Authorize Users to Run Privileged Tasks.
[[0;32m  OK  [0m] Started Accounts Service.
[[0;32m  OK  [0m] Started OpenBSD Secure Shell server.
[[0;32m  OK  [0m] Started LSB: Set the CPU Frequency Scaling governor to "ondemand".
[[0;32m  OK  [0m] Started LSB: daemon to balance interrupts for SMP systems.
[[0;32m  OK  [0m] Started Snappy daemon.
[[0;32m  OK  [0m] Started LXD - container startup/shutdown.
         Starting Wait until snapd is fully seeded...
         Starting Hold until boot process finishes up...
         Starting Terminate Plymouth Boot Screen...
[[0;32m  OK  [0m] Started LSB: automatic crash report generation.
[[0;32m  OK  [0m] Started Wait until snapd is fully seeded.
[[0;32m  OK  [0m] Started Hold until boot process finishes up.
[[0;32m  OK  [0m] Started Terminate Plymouth Boot Screen.
[[0;32m  OK  [0m] Started Getty on tty1.
[[0;32m  OK  [0m] Started Serial Getty on ttyS0.
[[0;32m  OK  [0m] Reached target Login Prompts.
         Starting Set console scheme...
         Starting Apply the settings specified in cloud-config...
[[0;32m  OK  [0m] Reached target Multi-User System.
[[0;32m  OK  [0m] Reached target Graphical Interface.
         Starting Update UTMP about System Runlevel Changes...
[[0;32m  OK  [0m] Started Set console scheme.
[[0;32m  OK  [0m] Started Update UTMP about System Runlevel Changes.
[   49.850830] cloud-init[1396]: Cloud-init v. 18.4-0ubuntu1~16.04.2 running 'modules:config' at Mon, 31 Dec 2018 15:06:19 +0000. Up 49.68 seconds.
[[0;32m  OK  [0m] Started Apply the settings specified in cloud-config.
         Starting Execute cloud user/final scripts...
[   50.636144] cloud-init[1408]: Cloud-init v. 18.4-0ubuntu1~16.04.2 running 'modules:final' at Mon, 31 Dec 2018 15:06:20 +0000. Up 50.50 seconds.
[[0;32m  OK  [0m] Started Execute cloud user/final scripts.
[   50.683950] cloud-init[1408]: Cloud-init v. 18.4-0ubuntu1~16.04.2 finished at Mon, 31 Dec 2018 15:06:20 +0000. Datasource DataSourceNoCloud [seed=/dev/sdb][dsmode=net].  Up 50.62 seconds
[[0;32m  OK  [0m] Reached target Cloud-init target.

Ubuntu 16.04.5 LTS ubuntu-xenial ttyS0

ubuntu-xenial login: 